"../../../Engine/Content/EditorResources/S_Actor.ubulk" 0
"../../../Engine/Content/EditorResources/S_Actor.uasset" 1
"../../../Engine/Content/EditorResources/S_Actor.uexp" 2
"../../../Engine/Content/EditorResources/S_BoxReflectionCapture.uasset" 3
"../../../Engine/Content/EditorResources/S_BoxReflectionCapture.uexp" 4
"../../../Engine/Content/EngineResources/DefaultTexture.ubulk" 5
"../../../Engine/Content/EngineResources/DefaultTexture.uasset" 6
"../../../Engine/Content/EngineResources/DefaultTexture.uexp" 7
"../../../Engine/Content/EngineResources/DefaultTextureCube.uasset" 8
"../../../Engine/Content/EngineResources/DefaultTextureCube.uexp" 9
"../../../Engine/Content/EngineResources/DefaultVolumeTexture2D.uasset" 10
"../../../Engine/Content/EngineResources/DefaultVolumeTexture2D.uexp" 11
"../../../Engine/Content/EngineResources/DefaultVolumeTexture.uasset" 12
"../../../Engine/Content/EngineResources/DefaultVolumeTexture.uexp" 13
"../../../Engine/Content/EditorResources/S_Trigger.ubulk" 14
"../../../Engine/Content/EditorResources/S_Trigger.uasset" 15
"../../../Engine/Content/EditorResources/S_Trigger.uexp" 16
"../../../Engine/Content/EditorResources/S_TriggerBox.uasset" 17
"../../../Engine/Content/EditorResources/S_TriggerBox.uexp" 18
"../../../Engine/Content/EditorResources/S_TriggerCapsule.uasset" 19
"../../../Engine/Content/EditorResources/S_TriggerCapsule.uexp" 20
"../../../Engine/Content/EditorResources/S_TriggerSphere.uasset" 21
"../../../Engine/Content/EditorResources/S_TriggerSphere.uexp" 22
"../../../Engine/Content/EngineMeshes/Sphere.uasset" 23
"../../../Engine/Content/EngineMeshes/Sphere.uexp" 24
"../../../Engine/Content/EngineResources/GradientTexture0.uasset" 25
"../../../Engine/Content/EngineResources/GradientTexture0.uexp" 26
"../../../Engine/Content/VREditor/LaserPointer/VR_LaserPower_01.ubulk" 27
"../../../Engine/Content/VREditor/LaserPointer/VR_LaserPower_01.uasset" 28
"../../../Engine/Content/VREditor/LaserPointer/VR_LaserPower_01.uexp" 29
"../../../Engine/Content/VREditor/TransformGizmo/TransformGizmoMaterial.uasset" 30
"../../../Engine/Content/VREditor/TransformGizmo/TransformGizmoMaterial.uexp" 31
"../../../Engine/Content/VREditor/TransformGizmo/TranslucentTransformGizmoMaterial.uasset" 32
"../../../Engine/Content/VREditor/TransformGizmo/TranslucentTransformGizmoMaterial.uexp" 33
"../../../Engine/Content/VREditor/TransformGizmo/PlaneTranslationHandle.uasset" 34
"../../../Engine/Content/VREditor/TransformGizmo/PlaneTranslationHandle.uexp" 35
"../../../Engine/Content/VREditor/TransformGizmo/BoundingBoxCorner.uasset" 36
"../../../Engine/Content/VREditor/TransformGizmo/BoundingBoxCorner.uexp" 37
"../../../Engine/Content/VREditor/TransformGizmo/BoundingBoxEdge.uasset" 38
"../../../Engine/Content/VREditor/TransformGizmo/BoundingBoxEdge.uexp" 39
"../../../Engine/Content/VREditor/TransformGizmo/Main.uasset" 40
"../../../Engine/Content/VREditor/TransformGizmo/Main.uexp" 41
"../../../Engine/Content/VREditor/TransformGizmo/Xray.uasset" 42
"../../../Engine/Content/VREditor/TransformGizmo/Xray.uexp" 43
"../../../Engine/Content/VREditor/TransformGizmo/SM_Sequencer_Node.uasset" 44
"../../../Engine/Content/VREditor/TransformGizmo/SM_Sequencer_Node.uexp" 45
"../../../Engine/Content/EditorMaterials/Camera/CineMat.uasset" 46
"../../../Engine/Content/EditorMaterials/Camera/CineMat.uexp" 47
"../../../Engine/Content/EditorMaterials/Camera/MI_CineMat_Rig.uasset" 48
"../../../Engine/Content/EditorMaterials/Camera/MI_CineMat_Rig.uexp" 49
"../../../Engine/Content/EditorMeshes/Camera/SM_CraneRig_Base.uasset" 50
"../../../Engine/Content/EditorMeshes/Camera/SM_CraneRig_Base.uexp" 51
"../../../Engine/Content/EditorMeshes/Camera/SM_CraneRig_Arm.uasset" 52
"../../../Engine/Content/EditorMeshes/Camera/SM_CraneRig_Arm.uexp" 53
"../../../Engine/Content/EditorMeshes/Camera/SM_CraneRig_Mount.uasset" 54
"../../../Engine/Content/EditorMeshes/Camera/SM_CraneRig_Mount.uexp" 55
"../../../Engine/Content/EditorMeshes/Camera/SM_CraneRig_Body.uasset" 56
"../../../Engine/Content/EditorMeshes/Camera/SM_CraneRig_Body.uexp" 57
"../../../Engine/Content/EditorMeshes/Camera/SM_RailRig_Track.uasset" 58
"../../../Engine/Content/EditorMeshes/Camera/SM_RailRig_Track.uexp" 59
"../../../Engine/Content/EditorMeshes/Camera/SM_RailRig_Mount.uasset" 60
"../../../Engine/Content/EditorMeshes/Camera/SM_RailRig_Mount.uexp" 61
"../../../Engine/Content/EngineMaterials/T_Default_Material_Grid_M.ubulk" 62
"../../../Engine/Content/EngineMaterials/T_Default_Material_Grid_M.uasset" 63
"../../../Engine/Content/EngineMaterials/T_Default_Material_Grid_M.uexp" 64
"../../../Engine/Content/EngineMaterials/T_Default_Material_Grid_N.ubulk" 65
"../../../Engine/Content/EngineMaterials/T_Default_Material_Grid_N.uasset" 66
"../../../Engine/Content/EngineMaterials/T_Default_Material_Grid_N.uexp" 67
"../../../Engine/Content/Functions/Engine_MaterialFunctions01/Opacity/CameraDepthFade.uasset" 68
"../../../Engine/Content/Functions/Engine_MaterialFunctions01/Opacity/CameraDepthFade.uexp" 69
"../../../Engine/Content/EngineMaterials/WorldGridMaterial.uasset" 70
"../../../Engine/Content/EngineMaterials/WorldGridMaterial.uexp" 71
"../../../Engine/Content/ArtTools/RenderToTexture/Meshes/S_1_Unit_Plane.uasset" 72
"../../../Engine/Content/ArtTools/RenderToTexture/Meshes/S_1_Unit_Plane.uexp" 73
"../../../Engine/Content/EditorMaterials/ParticleSystems/PSysThumbnail_NoImage.ubulk" 74
"../../../Engine/Content/EditorMaterials/ParticleSystems/PSysThumbnail_NoImage.uasset" 75
"../../../Engine/Content/EditorMaterials/ParticleSystems/PSysThumbnail_NoImage.uexp" 76
"../../../Engine/Content/EditorMaterials/ParticleSystems/PSysThumbnail_OOD.ubulk" 77
"../../../Engine/Content/EditorMaterials/ParticleSystems/PSysThumbnail_OOD.uasset" 78
"../../../Engine/Content/EditorMaterials/ParticleSystems/PSysThumbnail_OOD.uexp" 79
"../../../Engine/Content/EditorLandscapeResources/SplineEditorMeshMat.uasset" 80
"../../../Engine/Content/EditorLandscapeResources/SplineEditorMeshMat.uexp" 81
"../../../Engine/Content/EditorLandscapeResources/SplineEditorMesh.uasset" 82
"../../../Engine/Content/EditorLandscapeResources/SplineEditorMesh.uexp" 83
"../../../Engine/Content/EditorResources/S_Solver.ubulk" 84
"../../../Engine/Content/EditorResources/S_Solver.uasset" 85
"../../../Engine/Content/EditorResources/S_Solver.uexp" 86
"../../../Engine/Plugins/Media/MediaPlate/Content/SM_MediaPlateScreen.uasset" 87
"../../../Engine/Plugins/Media/MediaPlate/Content/SM_MediaPlateScreen.uexp" 88
"../../../Engine/Content/EngineMaterials/BaseFlattenNormalMap.uasset" 89
"../../../Engine/Content/EngineMaterials/BaseFlattenNormalMap.uexp" 90
"../../../Engine/Content/EngineResources/Black.uasset" 91
"../../../Engine/Content/EngineResources/Black.uexp" 92
"../../../Engine/Plugins/Runtime/OpenXR/Content/Devices/M_XRController.uasset" 93
"../../../Engine/Plugins/Runtime/OpenXR/Content/Devices/M_XRController.uexp" 94
"../../../Engine/Plugins/Runtime/OpenXR/Content/Devices/HTCVive/BaseTexture.ubulk" 95
"../../../Engine/Plugins/Runtime/OpenXR/Content/Devices/HTCVive/BaseTexture.uasset" 96
"../../../Engine/Plugins/Runtime/OpenXR/Content/Devices/HTCVive/BaseTexture.uexp" 97
"../../../Engine/Plugins/Runtime/OpenXR/Content/Devices/HTCVive/MI_HTCVive.uasset" 98
"../../../Engine/Plugins/Runtime/OpenXR/Content/Devices/HTCVive/MI_HTCVive.uexp" 99
"../../../Engine/Plugins/Runtime/OpenXR/Content/Devices/HTCVive/HTCViveController.uasset" 100
"../../../Engine/Plugins/Runtime/OpenXR/Content/Devices/HTCVive/HTCViveController.uexp" 101
"../../../Engine/Plugins/Runtime/OpenXR/Content/Devices/MicrosoftMixedReality/NormalTexture.ubulk" 102
"../../../Engine/Plugins/Runtime/OpenXR/Content/Devices/MicrosoftMixedReality/NormalTexture.uasset" 103
"../../../Engine/Plugins/Runtime/OpenXR/Content/Devices/MicrosoftMixedReality/NormalTexture.uexp" 104
"../../../Engine/Plugins/Runtime/OpenXR/Content/Devices/MicrosoftMixedReality/EmissiveTexture.ubulk" 105
"../../../Engine/Plugins/Runtime/OpenXR/Content/Devices/MicrosoftMixedReality/EmissiveTexture.uasset" 106
"../../../Engine/Plugins/Runtime/OpenXR/Content/Devices/MicrosoftMixedReality/EmissiveTexture.uexp" 107
"../../../Engine/Plugins/Runtime/OpenXR/Content/Devices/MicrosoftMixedReality/BaseTexture.ubulk" 108
"../../../Engine/Plugins/Runtime/OpenXR/Content/Devices/MicrosoftMixedReality/BaseTexture.uasset" 109
"../../../Engine/Plugins/Runtime/OpenXR/Content/Devices/MicrosoftMixedReality/BaseTexture.uexp" 110
"../../../Engine/Plugins/Runtime/OpenXR/Content/Devices/MicrosoftMixedReality/MRTexture.ubulk" 111
"../../../Engine/Plugins/Runtime/OpenXR/Content/Devices/MicrosoftMixedReality/MRTexture.uasset" 112
"../../../Engine/Plugins/Runtime/OpenXR/Content/Devices/MicrosoftMixedReality/MRTexture.uexp" 113
"../../../Engine/Plugins/Runtime/OpenXR/Content/Devices/MicrosoftMixedReality/MI_MicrosoftMixedReality.uasset" 114
"../../../Engine/Plugins/Runtime/OpenXR/Content/Devices/MicrosoftMixedReality/MI_MicrosoftMixedReality.uexp" 115
"../../../Engine/Plugins/Runtime/OpenXR/Content/Devices/MicrosoftMixedReality/Left/left_MicrosoftMixedRealityController.uasset" 116
"../../../Engine/Plugins/Runtime/OpenXR/Content/Devices/MicrosoftMixedReality/Left/left_MicrosoftMixedRealityController.uexp" 117
"../../../Engine/Plugins/Runtime/OpenXR/Content/Devices/MicrosoftMixedReality/Right/right_MicrosoftMixedRealityController.uasset" 118
"../../../Engine/Plugins/Runtime/OpenXR/Content/Devices/MicrosoftMixedReality/Right/right_MicrosoftMixedRealityController.uexp" 119
"../../../Engine/Plugins/Runtime/OpenXR/Content/Devices/OculusGo/BaseTexture.ubulk" 120
"../../../Engine/Plugins/Runtime/OpenXR/Content/Devices/OculusGo/BaseTexture.uasset" 121
"../../../Engine/Plugins/Runtime/OpenXR/Content/Devices/OculusGo/BaseTexture.uexp" 122
"../../../Engine/Plugins/Runtime/OpenXR/Content/Devices/OculusGo/MI_OculusGo.uasset" 123
"../../../Engine/Plugins/Runtime/OpenXR/Content/Devices/OculusGo/MI_OculusGo.uexp" 124
"../../../Engine/Plugins/Runtime/OpenXR/Content/Devices/OculusGo/OculusGoController.uasset" 125
"../../../Engine/Plugins/Runtime/OpenXR/Content/Devices/OculusGo/OculusGoController.uexp" 126
"../../../Engine/Plugins/Runtime/OpenXR/Content/Devices/OculusTouch/BaseTexture.ubulk" 127
"../../../Engine/Plugins/Runtime/OpenXR/Content/Devices/OculusTouch/BaseTexture.uasset" 128
"../../../Engine/Plugins/Runtime/OpenXR/Content/Devices/OculusTouch/BaseTexture.uexp" 129
"../../../Engine/Plugins/Runtime/OpenXR/Content/Devices/OculusTouch/MRTexture.ubulk" 130
"../../../Engine/Plugins/Runtime/OpenXR/Content/Devices/OculusTouch/MRTexture.uasset" 131
"../../../Engine/Plugins/Runtime/OpenXR/Content/Devices/OculusTouch/MRTexture.uexp" 132
"../../../Engine/Plugins/Runtime/OpenXR/Content/Devices/OculusTouch/MI_OculusTouch.uasset" 133
"../../../Engine/Plugins/Runtime/OpenXR/Content/Devices/OculusTouch/MI_OculusTouch.uexp" 134
"../../../Engine/Plugins/Runtime/OpenXR/Content/Devices/OculusTouch/Left/left_OculusTouchController.uasset" 135
"../../../Engine/Plugins/Runtime/OpenXR/Content/Devices/OculusTouch/Left/left_OculusTouchController.uexp" 136
"../../../Engine/Plugins/Runtime/OpenXR/Content/Devices/OculusTouch/Right/right_OculusTouchController.uasset" 137
"../../../Engine/Plugins/Runtime/OpenXR/Content/Devices/OculusTouch/Right/right_OculusTouchController.uexp" 138
"../../../Engine/Plugins/Runtime/OpenXR/Content/Devices/ValveIndex/MRTexture.ubulk" 139
"../../../Engine/Plugins/Runtime/OpenXR/Content/Devices/ValveIndex/MRTexture.uasset" 140
"../../../Engine/Plugins/Runtime/OpenXR/Content/Devices/ValveIndex/MRTexture.uexp" 141
"../../../Engine/Plugins/Runtime/OpenXR/Content/Devices/ValveIndex/BaseTexture.ubulk" 142
"../../../Engine/Plugins/Runtime/OpenXR/Content/Devices/ValveIndex/BaseTexture.uasset" 143
"../../../Engine/Plugins/Runtime/OpenXR/Content/Devices/ValveIndex/BaseTexture.uexp" 144
"../../../Engine/Plugins/Runtime/OpenXR/Content/Devices/ValveIndex/Left/MI_left_ValveIndex.uasset" 145
"../../../Engine/Plugins/Runtime/OpenXR/Content/Devices/ValveIndex/Left/MI_left_ValveIndex.uexp" 146
"../../../Engine/Plugins/Runtime/OpenXR/Content/Devices/ValveIndex/Left/left_ValveIndexController.uasset" 147
"../../../Engine/Plugins/Runtime/OpenXR/Content/Devices/ValveIndex/Left/left_ValveIndexController.uexp" 148
"../../../Engine/Plugins/Runtime/OpenXR/Content/Devices/ValveIndex/Right/MI_right_ValveIndex.uasset" 149
"../../../Engine/Plugins/Runtime/OpenXR/Content/Devices/ValveIndex/Right/MI_right_ValveIndex.uexp" 150
"../../../Engine/Plugins/Runtime/OpenXR/Content/Devices/ValveIndex/Right/right_ValveIndexController.uasset" 151
"../../../Engine/Plugins/Runtime/OpenXR/Content/Devices/ValveIndex/Right/right_ValveIndexController.uexp" 152
"../../../Engine/Plugins/Runtime/OpenXR/Content/Devices/OculusTouch_v2/BaseTexture.ubulk" 153
"../../../Engine/Plugins/Runtime/OpenXR/Content/Devices/OculusTouch_v2/BaseTexture.uasset" 154
"../../../Engine/Plugins/Runtime/OpenXR/Content/Devices/OculusTouch_v2/BaseTexture.uexp" 155
"../../../Engine/Plugins/Runtime/OpenXR/Content/Devices/OculusTouch_v2/MRTexture.ubulk" 156
"../../../Engine/Plugins/Runtime/OpenXR/Content/Devices/OculusTouch_v2/MRTexture.uasset" 157
"../../../Engine/Plugins/Runtime/OpenXR/Content/Devices/OculusTouch_v2/MRTexture.uexp" 158
"../../../Engine/Plugins/Runtime/OpenXR/Content/Devices/OculusTouch_v2/MI_OculusTouch_v2.uasset" 159
"../../../Engine/Plugins/Runtime/OpenXR/Content/Devices/OculusTouch_v2/MI_OculusTouch_v2.uexp" 160
"../../../Engine/Plugins/Runtime/OpenXR/Content/Devices/OculusTouch_v2/Left/left_OculusTouch_v2Controller.uasset" 161
"../../../Engine/Plugins/Runtime/OpenXR/Content/Devices/OculusTouch_v2/Left/left_OculusTouch_v2Controller.uexp" 162
"../../../Engine/Plugins/Runtime/OpenXR/Content/Devices/OculusTouch_v2/Right/right_OculusTouch_v2Controller.uasset" 163
"../../../Engine/Plugins/Runtime/OpenXR/Content/Devices/OculusTouch_v2/Right/right_OculusTouch_v2Controller.uexp" 164
"../../../Engine/Plugins/Runtime/OpenXR/Content/Devices/OculusTouch_v3/MRTexture.ubulk" 165
"../../../Engine/Plugins/Runtime/OpenXR/Content/Devices/OculusTouch_v3/MRTexture.uasset" 166
"../../../Engine/Plugins/Runtime/OpenXR/Content/Devices/OculusTouch_v3/MRTexture.uexp" 167
"../../../Engine/Plugins/Runtime/OpenXR/Content/Devices/OculusTouch_v3/BaseTexture.ubulk" 168
"../../../Engine/Plugins/Runtime/OpenXR/Content/Devices/OculusTouch_v3/BaseTexture.uasset" 169
"../../../Engine/Plugins/Runtime/OpenXR/Content/Devices/OculusTouch_v3/BaseTexture.uexp" 170
"../../../Engine/Plugins/Runtime/OpenXR/Content/Devices/OculusTouch_v3/MI_OculusTouch_v3.uasset" 171
"../../../Engine/Plugins/Runtime/OpenXR/Content/Devices/OculusTouch_v3/MI_OculusTouch_v3.uexp" 172
"../../../Engine/Plugins/Runtime/OpenXR/Content/Devices/OculusTouch_v3/Left/left_OculusTouch_v3Controller.uasset" 173
"../../../Engine/Plugins/Runtime/OpenXR/Content/Devices/OculusTouch_v3/Left/left_OculusTouch_v3Controller.uexp" 174
"../../../Engine/Plugins/Runtime/OpenXR/Content/Devices/OculusTouch_v3/Right/right_OculusTouch_v3Controller.uasset" 175
"../../../Engine/Plugins/Runtime/OpenXR/Content/Devices/OculusTouch_v3/Right/right_OculusTouch_v3Controller.uexp" 176
"../../../Engine/Content/EngineMaterials/DefaultBokeh.uasset" 177
"../../../Engine/Content/EngineMaterials/DefaultBokeh.uexp" 178
"../../../Engine/Content/EngineMaterials/PreintegratedSkinBRDF.uasset" 179
"../../../Engine/Content/EngineMaterials/PreintegratedSkinBRDF.uexp" 180
"../../../Engine/Content/EngineMaterials/MiniFont.uasset" 181
"../../../Engine/Content/EngineMaterials/MiniFont.uexp" 182
"../../../Engine/Content/EngineMaterials/WeightMapPlaceholderTexture.uasset" 183
"../../../Engine/Content/EngineMaterials/WeightMapPlaceholderTexture.uexp" 184
"../../../Engine/Content/EngineMaterials/DefaultWhiteGrid.ubulk" 185
"../../../Engine/Content/EngineMaterials/DefaultWhiteGrid.uasset" 186
"../../../Engine/Content/EngineMaterials/DefaultWhiteGrid.uexp" 187
"../../../Engine/Content/Functions/Engine_MaterialFunctions02/WorldPositionOffset/CameraOffset.uasset" 188
"../../../Engine/Content/Functions/Engine_MaterialFunctions02/WorldPositionOffset/CameraOffset.uexp" 189
"../../../Engine/Plugins/Animation/ControlRig/Content/M_Manip.uasset" 190
"../../../Engine/Plugins/Animation/ControlRig/Content/M_Manip.uexp" 191
"../../../Engine/Plugins/2D/Paper2D/Content/PlaceholderTextures/DummySpriteTexture.ubulk" 192
"../../../Engine/Plugins/2D/Paper2D/Content/PlaceholderTextures/DummySpriteTexture.uasset" 193
"../../../Engine/Plugins/2D/Paper2D/Content/PlaceholderTextures/DummySpriteTexture.uexp" 194
"../../../Engine/Plugins/2D/Paper2D/Content/DefaultSpriteMaterial.uasset" 195
"../../../Engine/Plugins/2D/Paper2D/Content/DefaultSpriteMaterial.uexp" 196
"../../../Engine/Plugins/2D/Paper2D/Content/OpaqueUnlitSpriteMaterial.uasset" 197
"../../../Engine/Plugins/2D/Paper2D/Content/OpaqueUnlitSpriteMaterial.uexp" 198
"../../../Engine/Plugins/2D/Paper2D/Content/MaskedUnlitSpriteMaterial.uasset" 199
"../../../Engine/Plugins/2D/Paper2D/Content/MaskedUnlitSpriteMaterial.uexp" 200
"../../../Engine/Plugins/2D/Paper2D/Content/DummySprite.uasset" 201
"../../../Engine/Plugins/2D/Paper2D/Content/DummySprite.uexp" 202
"../../../Engine/Plugins/2D/Paper2D/Content/DefaultPaperTerrainMaterial.uasset" 203
"../../../Engine/Plugins/2D/Paper2D/Content/DefaultPaperTerrainMaterial.uexp" 204
"../../../Engine/Content/BasicShapes/Plane.uasset" 205
"../../../Engine/Content/BasicShapes/Plane.uexp" 206
"../../../Engine/Content/BasicShapes/Cube.uasset" 207
"../../../Engine/Content/BasicShapes/Cube.uexp" 208
"../../../Engine/Content/EditorLandscapeResources/DefaultAlphaTexture.uasset" 209
"../../../Engine/Content/EditorLandscapeResources/DefaultAlphaTexture.uexp" 210
"../../../Engine/Content/EngineFonts/Faces/RobotoLight.uexp" 211
"../../../Engine/Content/EngineFonts/Faces/RobotoLight.uasset" 212
"../../../Engine/Content/EngineFonts/Faces/RobotoLight.ufont" 213
"../../../Engine/Content/EngineFonts/Faces/RobotoBold.uexp" 214
"../../../Engine/Content/EngineFonts/Faces/RobotoBold.uasset" 215
"../../../Engine/Content/EngineFonts/Faces/RobotoBold.ufont" 216
"../../../Engine/Content/EngineFonts/Faces/RobotoRegular.uexp" 217
"../../../Engine/Content/EngineFonts/Faces/RobotoRegular.uasset" 218
"../../../Engine/Content/EngineFonts/Faces/RobotoRegular.ufont" 219
"../../../Engine/Content/EngineFonts/Faces/DroidSansFallback.uexp" 220
"../../../Engine/Content/EngineFonts/Faces/DroidSansFallback.uasset" 221
"../../../Engine/Content/EngineFonts/Faces/DroidSansFallback.ufont" 222
"../../../Engine/Content/EngineFonts/Faces/RobotoItalic.uexp" 223
"../../../Engine/Content/EngineFonts/Faces/RobotoItalic.uasset" 224
"../../../Engine/Content/EngineFonts/Faces/RobotoItalic.ufont" 225
"../../../Engine/Content/EngineFonts/Faces/RobotoBoldItalic.uexp" 226
"../../../Engine/Content/EngineFonts/Faces/RobotoBoldItalic.uasset" 227
"../../../Engine/Content/EngineFonts/Faces/RobotoBoldItalic.ufont" 228
"../../../Engine/Content/EngineFonts/Roboto.uasset" 229
"../../../Engine/Content/EngineFonts/Roboto.uexp" 230
"../../../Engine/Plugins/Interchange/Runtime/Content/Pipelines/DefaultTexturePipeline.uasset" 231
"../../../Engine/Plugins/Interchange/Runtime/Content/Pipelines/DefaultTexturePipeline.uexp" 232
"../../../Engine/Plugins/Interchange/Runtime/Content/Pipelines/DefaultSceneLevelPipeline.uasset" 233
"../../../Engine/Plugins/Interchange/Runtime/Content/Pipelines/DefaultSceneLevelPipeline.uexp" 234
"../../../Engine/Plugins/Interchange/Runtime/Content/Pipelines/DefaultSceneAssetsPipeline.uasset" 235
"../../../Engine/Plugins/Interchange/Runtime/Content/Pipelines/DefaultSceneAssetsPipeline.uexp" 236
"../../../Engine/Plugins/Interchange/Runtime/Content/Pipelines/DefaultMaterialPipeline.uasset" 237
"../../../Engine/Plugins/Interchange/Runtime/Content/Pipelines/DefaultMaterialPipeline.uexp" 238
"../../../Engine/Plugins/Interchange/Runtime/Content/Pipelines/DefaultAssetsPipeline.uasset" 239
"../../../Engine/Plugins/Interchange/Runtime/Content/Pipelines/DefaultAssetsPipeline.uexp" 240
"../../../Engine/Plugins/Runtime/MeshModelingToolset/Content/Materials/M_DynamicMeshComponentVtxColor.uasset" 241
"../../../Engine/Plugins/Runtime/MeshModelingToolset/Content/Materials/M_DynamicMeshComponentVtxColor.uexp" 242
"../../../Engine/Plugins/Editor/SpeedTreeImporter/Content/SpeedTree9/game_wind_noise.ubulk" 243
"../../../Engine/Plugins/Editor/SpeedTreeImporter/Content/SpeedTree9/game_wind_noise.uasset" 244
"../../../Engine/Plugins/Editor/SpeedTreeImporter/Content/SpeedTree9/game_wind_noise.uexp" 245
"../../../Engine/Plugins/Editor/SpeedTreeImporter/Content/SpeedTree9/UnpackDirection.uasset" 246
"../../../Engine/Plugins/Editor/SpeedTreeImporter/Content/SpeedTree9/UnpackDirection.uexp" 247
"../../../Engine/Content/Functions/Engine_MaterialFunctions02/ObjectLocalBounds.uasset" 248
"../../../Engine/Content/Functions/Engine_MaterialFunctions02/ObjectLocalBounds.uexp" 249
"../../../Engine/Content/Functions/Engine_MaterialFunctions02/Utility/BreakOutFloat3Components.uasset" 250
"../../../Engine/Content/Functions/Engine_MaterialFunctions02/Utility/BreakOutFloat3Components.uexp" 251
"../../../Engine/Content/Functions/Engine_MaterialFunctions02/UVs/BoundingBoxBased_0-1_UVW.uasset" 252
"../../../Engine/Content/Functions/Engine_MaterialFunctions02/UVs/BoundingBoxBased_0-1_UVW.uexp" 253
"../../../Engine/Content/Functions/Engine_MaterialFunctions02/Utility/VectorLength.uasset" 254
"../../../Engine/Content/Functions/Engine_MaterialFunctions02/Utility/VectorLength.uexp" 255
"../../../Engine/Plugins/Editor/SpeedTreeImporter/Content/SpeedTree9/UnpackInteger3.uasset" 256
"../../../Engine/Plugins/Editor/SpeedTreeImporter/Content/SpeedTree9/UnpackInteger3.uexp" 257
"../../../Engine/Plugins/Editor/SpeedTreeImporter/Content/SpeedTree9/SpeedTreeCameraFacing.uasset" 258
"../../../Engine/Plugins/Editor/SpeedTreeImporter/Content/SpeedTree9/SpeedTreeCameraFacing.uexp" 259
"../../../Engine/Content/Functions/Engine_MaterialFunctions02/WorldPositionOffset/ObjectScale.uasset" 260
"../../../Engine/Content/Functions/Engine_MaterialFunctions02/WorldPositionOffset/ObjectScale.uexp" 261
"../../../Engine/Content/Functions/Engine_MaterialFunctions02/SafeNormalize.uasset" 262
"../../../Engine/Content/Functions/Engine_MaterialFunctions02/SafeNormalize.uexp" 263
"../../../Engine/Plugins/Editor/SpeedTreeImporter/Content/SpeedTree9/SpeedTreeWindMotion.uasset" 264
"../../../Engine/Plugins/Editor/SpeedTreeImporter/Content/SpeedTree9/SpeedTreeWindMotion.uexp" 265
"../../../Engine/Plugins/Editor/SpeedTreeImporter/Content/SpeedTree9/SpeedTreeBranchMotion.uasset" 266
"../../../Engine/Plugins/Editor/SpeedTreeImporter/Content/SpeedTree9/SpeedTreeBranchMotion.uexp" 267
"../../../Engine/Plugins/Editor/SpeedTreeImporter/Content/SpeedTree9/SpeedTreeWind.uasset" 268
"../../../Engine/Plugins/Editor/SpeedTreeImporter/Content/SpeedTree9/SpeedTreeWind.uexp" 269
"../../../Engine/Plugins/Editor/SpeedTreeImporter/Content/SpeedTree9/EmptyNormal.uasset" 270
"../../../Engine/Plugins/Editor/SpeedTreeImporter/Content/SpeedTree9/EmptyNormal.uexp" 271
"../../../Engine/Plugins/Editor/SpeedTreeImporter/Content/SpeedTree9/Empty.uasset" 272
"../../../Engine/Plugins/Editor/SpeedTreeImporter/Content/SpeedTree9/Empty.uexp" 273
"../../../Engine/Plugins/Editor/SpeedTreeImporter/Content/SpeedTree9/SpeedTreeMaster.uasset" 274
"../../../Engine/Plugins/Editor/SpeedTreeImporter/Content/SpeedTree9/SpeedTreeMaster.uexp" 275
"../../../Engine/Plugins/Editor/SpeedTreeImporter/Content/SpeedTree9/SpeedTreeBillboard.uasset" 276
"../../../Engine/Plugins/Editor/SpeedTreeImporter/Content/SpeedTree9/SpeedTreeBillboard.uexp" 277
"../../../Engine/Plugins/Editor/SpeedTreeImporter/Content/SpeedTree9/SpeedTreeBillboardMaster.uasset" 278
"../../../Engine/Plugins/Editor/SpeedTreeImporter/Content/SpeedTree9/SpeedTreeBillboardMaster.uexp" 279
"../../../Engine/Plugins/Animation/ControlRig/Content/Controls/DefaultGizmoLibraryNormalized.uasset" 280
"../../../Engine/Plugins/Animation/ControlRig/Content/Controls/DefaultGizmoLibraryNormalized.uexp" 281
"../../../Engine/Plugins/Animation/ControlRig/Content/Controls/ControlRig_Wedge_solid.uasset" 282
"../../../Engine/Plugins/Animation/ControlRig/Content/Controls/ControlRig_Wedge_solid.uexp" 283
"../../../Engine/Plugins/Animation/ControlRig/Content/Controls/ControlRig_Wedge_3mm.uasset" 284
"../../../Engine/Plugins/Animation/ControlRig/Content/Controls/ControlRig_Wedge_3mm.uexp" 285
"../../../Engine/Plugins/Animation/ControlRig/Content/Controls/ControlRig_Wedge_1mm.uasset" 286
"../../../Engine/Plugins/Animation/ControlRig/Content/Controls/ControlRig_Wedge_1mm.uexp" 287
"../../../Engine/Plugins/Animation/ControlRig/Content/Controls/ControlRig_Triangle_solid.uasset" 288
"../../../Engine/Plugins/Animation/ControlRig/Content/Controls/ControlRig_Triangle_solid.uexp" 289
"../../../Engine/Plugins/Animation/ControlRig/Content/Controls/ControlRig_Triangle_3mm.uasset" 290
"../../../Engine/Plugins/Animation/ControlRig/Content/Controls/ControlRig_Triangle_3mm.uexp" 291
"../../../Engine/Plugins/Animation/ControlRig/Content/Controls/ControlRig_Triangle_1mm.uasset" 292
"../../../Engine/Plugins/Animation/ControlRig/Content/Controls/ControlRig_Triangle_1mm.uexp" 293
"../../../Engine/Plugins/Animation/ControlRig/Content/Controls/ControlRig_Star4_solid.uasset" 294
"../../../Engine/Plugins/Animation/ControlRig/Content/Controls/ControlRig_Star4_solid.uexp" 295
"../../../Engine/Plugins/Animation/ControlRig/Content/Controls/ControlRig_Star4_3mm.uasset" 296
"../../../Engine/Plugins/Animation/ControlRig/Content/Controls/ControlRig_Star4_3mm.uexp" 297
"../../../Engine/Plugins/Animation/ControlRig/Content/Controls/ControlRig_Star4_1mm.uasset" 298
"../../../Engine/Plugins/Animation/ControlRig/Content/Controls/ControlRig_Star4_1mm.uexp" 299
"../../../Engine/Plugins/Animation/ControlRig/Content/Controls/ControlRig_Square_solid.uasset" 300
"../../../Engine/Plugins/Animation/ControlRig/Content/Controls/ControlRig_Square_solid.uexp" 301
"../../../Engine/Plugins/Animation/ControlRig/Content/Controls/ControlRig_Square_3mm.uasset" 302
"../../../Engine/Plugins/Animation/ControlRig/Content/Controls/ControlRig_Square_3mm.uexp" 303
"../../../Engine/Plugins/Animation/ControlRig/Content/Controls/ControlRig_Square_1mm.uasset" 304
"../../../Engine/Plugins/Animation/ControlRig/Content/Controls/ControlRig_Square_1mm.uexp" 305
"../../../Engine/Plugins/Animation/ControlRig/Content/Controls/ControlRig_Sphere_solid.uasset" 306
"../../../Engine/Plugins/Animation/ControlRig/Content/Controls/ControlRig_Sphere_solid.uexp" 307
"../../../Engine/Plugins/Animation/ControlRig/Content/Controls/ControlRig_Sphere_3mm.uasset" 308
"../../../Engine/Plugins/Animation/ControlRig/Content/Controls/ControlRig_Sphere_3mm.uexp" 309
"../../../Engine/Plugins/Animation/ControlRig/Content/Controls/ControlRig_Sphere_1mm.uasset" 310
"../../../Engine/Plugins/Animation/ControlRig/Content/Controls/ControlRig_Sphere_1mm.uexp" 311
"../../../Engine/Plugins/Animation/ControlRig/Content/Controls/ControlRig_RoundedTriangle_solid.uasset" 312
"../../../Engine/Plugins/Animation/ControlRig/Content/Controls/ControlRig_RoundedTriangle_solid.uexp" 313
"../../../Engine/Plugins/Animation/ControlRig/Content/Controls/ControlRig_RoundedTriangle_3mm.uasset" 314
"../../../Engine/Plugins/Animation/ControlRig/Content/Controls/ControlRig_RoundedTriangle_3mm.uexp" 315
"../../../Engine/Plugins/Animation/ControlRig/Content/Controls/ControlRig_RoundedTriangle_1mm.uasset" 316
"../../../Engine/Plugins/Animation/ControlRig/Content/Controls/ControlRig_RoundedTriangle_1mm.uexp" 317
"../../../Engine/Plugins/Animation/ControlRig/Content/Controls/ControlRig_RoundedSquare_solid.uasset" 318
"../../../Engine/Plugins/Animation/ControlRig/Content/Controls/ControlRig_RoundedSquare_solid.uexp" 319
"../../../Engine/Plugins/Animation/ControlRig/Content/Controls/ControlRig_RoundedSquare_3mm.uasset" 320
"../../../Engine/Plugins/Animation/ControlRig/Content/Controls/ControlRig_RoundedSquare_3mm.uexp" 321
"../../../Engine/Plugins/Animation/ControlRig/Content/Controls/ControlRig_RoundedSquare_1mm.uasset" 322
"../../../Engine/Plugins/Animation/ControlRig/Content/Controls/ControlRig_RoundedSquare_1mm.uexp" 323
"../../../Engine/Plugins/Animation/ControlRig/Content/Controls/ControlRig_QuarterCircle_solid.uasset" 324
"../../../Engine/Plugins/Animation/ControlRig/Content/Controls/ControlRig_QuarterCircle_solid.uexp" 325
"../../../Engine/Plugins/Animation/ControlRig/Content/Controls/ControlRig_QuarterCircle_3mm.uasset" 326
"../../../Engine/Plugins/Animation/ControlRig/Content/Controls/ControlRig_QuarterCircle_3mm.uexp" 327
"../../../Engine/Plugins/Animation/ControlRig/Content/Controls/ControlRig_QuarterCircle_1mm.uasset" 328
"../../../Engine/Plugins/Animation/ControlRig/Content/Controls/ControlRig_QuarterCircle_1mm.uexp" 329
"../../../Engine/Plugins/Animation/ControlRig/Content/Controls/ControlRig_Pyramid_solid.uasset" 330
"../../../Engine/Plugins/Animation/ControlRig/Content/Controls/ControlRig_Pyramid_solid.uexp" 331
"../../../Engine/Plugins/Animation/ControlRig/Content/Controls/ControlRig_Pyramid_3mm.uasset" 332
"../../../Engine/Plugins/Animation/ControlRig/Content/Controls/ControlRig_Pyramid_3mm.uexp" 333
"../../../Engine/Plugins/Animation/ControlRig/Content/Controls/ControlRig_Pyramid_1mm.uasset" 334
"../../../Engine/Plugins/Animation/ControlRig/Content/Controls/ControlRig_Pyramid_1mm.uexp" 335
"../../../Engine/Plugins/Animation/ControlRig/Content/Controls/ControlRig_Octagon_solid.uasset" 336
"../../../Engine/Plugins/Animation/ControlRig/Content/Controls/ControlRig_Octagon_solid.uexp" 337
"../../../Engine/Plugins/Animation/ControlRig/Content/Controls/ControlRig_Octagon_3mm.uasset" 338
"../../../Engine/Plugins/Animation/ControlRig/Content/Controls/ControlRig_Octagon_3mm.uexp" 339
"../../../Engine/Plugins/Animation/ControlRig/Content/Controls/ControlRig_Octagon_1mm.uasset" 340
"../../../Engine/Plugins/Animation/ControlRig/Content/Controls/ControlRig_Octagon_1mm.uexp" 341
"../../../Engine/Plugins/Animation/ControlRig/Content/Controls/ControlRig_Hexagon_solid.uasset" 342
"../../../Engine/Plugins/Animation/ControlRig/Content/Controls/ControlRig_Hexagon_solid.uexp" 343
"../../../Engine/Plugins/Animation/ControlRig/Content/Controls/ControlRig_Hexagon_3mm.uasset" 344
"../../../Engine/Plugins/Animation/ControlRig/Content/Controls/ControlRig_Hexagon_3mm.uexp" 345
"../../../Engine/Plugins/Animation/ControlRig/Content/Controls/ControlRig_Hexagon_1mm.uasset" 346
"../../../Engine/Plugins/Animation/ControlRig/Content/Controls/ControlRig_Hexagon_1mm.uexp" 347
"../../../Engine/Plugins/Animation/ControlRig/Content/Controls/ControlRig_HalfCircle_solid.uasset" 348
"../../../Engine/Plugins/Animation/ControlRig/Content/Controls/ControlRig_HalfCircle_solid.uexp" 349
"../../../Engine/Plugins/Animation/ControlRig/Content/Controls/ControlRig_HalfCircle_3mm.uasset" 350
"../../../Engine/Plugins/Animation/ControlRig/Content/Controls/ControlRig_HalfCircle_3mm.uexp" 351
"../../../Engine/Plugins/Animation/ControlRig/Content/Controls/ControlRig_HalfCircle_1mm.uasset" 352
"../../../Engine/Plugins/Animation/ControlRig/Content/Controls/ControlRig_HalfCircle_1mm.uexp" 353
"../../../Engine/Plugins/Animation/ControlRig/Content/Controls/ControlRig_Diamond_solid.uasset" 354
"../../../Engine/Plugins/Animation/ControlRig/Content/Controls/ControlRig_Diamond_solid.uexp" 355
"../../../Engine/Plugins/Animation/ControlRig/Content/Controls/ControlRig_Diamond_3mm.uasset" 356
"../../../Engine/Plugins/Animation/ControlRig/Content/Controls/ControlRig_Diamond_3mm.uexp" 357
"../../../Engine/Plugins/Animation/ControlRig/Content/Controls/ControlRig_Diamond_1mm.uasset" 358
"../../../Engine/Plugins/Animation/ControlRig/Content/Controls/ControlRig_Diamond_1mm.uexp" 359
"../../../Engine/Plugins/Animation/ControlRig/Content/Controls/ControlRig_Circle_solid.uasset" 360
"../../../Engine/Plugins/Animation/ControlRig/Content/Controls/ControlRig_Circle_solid.uexp" 361
"../../../Engine/Plugins/Animation/ControlRig/Content/Controls/ControlRig_Circle_3mm.uasset" 362
"../../../Engine/Plugins/Animation/ControlRig/Content/Controls/ControlRig_Circle_3mm.uexp" 363
"../../../Engine/Plugins/Animation/ControlRig/Content/Controls/ControlRig_Circle_1mm.uasset" 364
"../../../Engine/Plugins/Animation/ControlRig/Content/Controls/ControlRig_Circle_1mm.uexp" 365
"../../../Engine/Plugins/Animation/ControlRig/Content/Controls/ControlRig_Box_solid.uasset" 366
"../../../Engine/Plugins/Animation/ControlRig/Content/Controls/ControlRig_Box_solid.uexp" 367
"../../../Engine/Plugins/Animation/ControlRig/Content/Controls/ControlRig_Box_3mm.uasset" 368
"../../../Engine/Plugins/Animation/ControlRig/Content/Controls/ControlRig_Box_3mm.uexp" 369
"../../../Engine/Plugins/Animation/ControlRig/Content/Controls/ControlRig_Box_1mm.uasset" 370
"../../../Engine/Plugins/Animation/ControlRig/Content/Controls/ControlRig_Box_1mm.uexp" 371
"../../../Engine/Plugins/Animation/ControlRig/Content/Controls/ControlRig_Arrow_solid.uasset" 372
"../../../Engine/Plugins/Animation/ControlRig/Content/Controls/ControlRig_Arrow_solid.uexp" 373
"../../../Engine/Plugins/Animation/ControlRig/Content/Controls/ControlRig_Arrow_3mm.uasset" 374
"../../../Engine/Plugins/Animation/ControlRig/Content/Controls/ControlRig_Arrow_3mm.uexp" 375
"../../../Engine/Plugins/Animation/ControlRig/Content/Controls/ControlRig_Arrow_1mm.uasset" 376
"../../../Engine/Plugins/Animation/ControlRig/Content/Controls/ControlRig_Arrow_1mm.uexp" 377
"../../../Engine/Plugins/Animation/ControlRig/Content/Controls/ControlRig_Arrow4_solid.uasset" 378
"../../../Engine/Plugins/Animation/ControlRig/Content/Controls/ControlRig_Arrow4_solid.uexp" 379
"../../../Engine/Plugins/Animation/ControlRig/Content/Controls/ControlRig_Arrow4_3mm.uasset" 380
"../../../Engine/Plugins/Animation/ControlRig/Content/Controls/ControlRig_Arrow4_3mm.uexp" 381
"../../../Engine/Plugins/Animation/ControlRig/Content/Controls/ControlRig_Arrow4_1mm.uasset" 382
"../../../Engine/Plugins/Animation/ControlRig/Content/Controls/ControlRig_Arrow4_1mm.uexp" 383
"../../../Engine/Plugins/Animation/ControlRig/Content/Controls/ControlRig_Arrow2_solid.uasset" 384
"../../../Engine/Plugins/Animation/ControlRig/Content/Controls/ControlRig_Arrow2_solid.uexp" 385
"../../../Engine/Plugins/Animation/ControlRig/Content/Controls/ControlRig_Arrow2_3mm.uasset" 386
"../../../Engine/Plugins/Animation/ControlRig/Content/Controls/ControlRig_Arrow2_3mm.uexp" 387
"../../../Engine/Plugins/Animation/ControlRig/Content/Controls/ControlRig_Arrow2_1mm.uasset" 388
"../../../Engine/Plugins/Animation/ControlRig/Content/Controls/ControlRig_Arrow2_1mm.uexp" 389
"../../../Engine/Plugins/Animation/ControlRig/Content/Controls/ControlRigXRayMaterial.uasset" 390
"../../../Engine/Plugins/Animation/ControlRig/Content/Controls/ControlRigXRayMaterial.uexp" 391
"../../../Engine/Plugins/Animation/ControlRig/Content/Controls/ControlRigGizmoMaterial.uasset" 392
"../../../Engine/Plugins/Animation/ControlRig/Content/Controls/ControlRigGizmoMaterial.uexp" 393
"../../../Engine/Content/EngineSounds/Master.uasset" 394
"../../../Engine/Content/EngineSounds/Master.uexp" 395
"../../../Engine/Content/EngineResources/WhiteSquareTexture.uasset" 396
"../../../Engine/Content/EngineResources/WhiteSquareTexture.uexp" 397
"../../../Engine/Content/EngineMaterials/Widget3DPassThrough.uasset" 398
"../../../Engine/Content/EngineMaterials/Widget3DPassThrough.uexp" 399
"../../../Engine/Content/EngineMaterials/Widget3DPassThrough_Translucent.uasset" 400
"../../../Engine/Content/EngineMaterials/Widget3DPassThrough_Translucent.uexp" 401
"../../../Engine/Content/EngineMaterials/Widget3DPassThrough_Translucent_OneSided.uasset" 402
"../../../Engine/Content/EngineMaterials/Widget3DPassThrough_Translucent_OneSided.uexp" 403
"../../../Engine/Content/EngineMaterials/Widget3DPassThrough_Opaque.uasset" 404
"../../../Engine/Content/EngineMaterials/Widget3DPassThrough_Opaque.uexp" 405
"../../../Engine/Content/EngineMaterials/Widget3DPassThrough_Opaque_OneSided.uasset" 406
"../../../Engine/Content/EngineMaterials/Widget3DPassThrough_Opaque_OneSided.uexp" 407
"../../../Engine/Content/EngineMaterials/Widget3DPassThrough_Masked_OneSided.uasset" 408
"../../../Engine/Content/EngineMaterials/Widget3DPassThrough_Masked_OneSided.uexp" 409
"../../../Engine/Content/EngineMaterials/Widget3DPassThrough_Masked.uasset" 410
"../../../Engine/Content/EngineMaterials/Widget3DPassThrough_Masked.uexp" 411
"../../../Engine/Content/EngineMaterials/STBlueNoise_vec2_128x128x64.uasset" 412
"../../../Engine/Content/EngineMaterials/STBlueNoise_vec2_128x128x64.uexp" 413
"../../../Engine/Content/EngineMaterials/STBlueNoise_scalar_128x128x64.uasset" 414
"../../../Engine/Content/EngineMaterials/STBlueNoise_scalar_128x128x64.uexp" 415
"../../../Engine/Content/EngineMaterials/RemoveSurfaceMaterial.uasset" 416
"../../../Engine/Content/EngineMaterials/RemoveSurfaceMaterial.uexp" 417
"../../../Engine/Content/EngineMaterials/PhAT_JointLimitMaterial.uasset" 418
"../../../Engine/Content/EngineMaterials/PhAT_JointLimitMaterial.uexp" 419
"../../../Engine/Content/EngineMaterials/NaniteHiddenSectionMaterial.uasset" 420
"../../../Engine/Content/EngineMaterials/NaniteHiddenSectionMaterial.uexp" 421
"../../../Engine/Content/EngineMaterials/InvalidLightmapSettings.ubulk" 422
"../../../Engine/Content/EngineMaterials/InvalidLightmapSettings.uasset" 423
"../../../Engine/Content/EngineMaterials/InvalidLightmapSettings.uexp" 424
"../../../Engine/Content/EngineMaterials/M_InvalidLightmapSettings.uasset" 425
"../../../Engine/Content/EngineMaterials/M_InvalidLightmapSettings.uexp" 426
"../../../Engine/Content/EngineMaterials/GizmoMaterial.uasset" 427
"../../../Engine/Content/EngineMaterials/GizmoMaterial.uexp" 428
"../../../Engine/Content/EngineMaterials/BaseFlattenEmissiveMap_VT.uasset" 429
"../../../Engine/Content/EngineMaterials/BaseFlattenEmissiveMap_VT.uexp" 430
"../../../Engine/Content/EngineMaterials/BaseFlattenGrayscaleMap_VT.uasset" 431
"../../../Engine/Content/EngineMaterials/BaseFlattenGrayscaleMap_VT.uexp" 432
"../../../Engine/Content/EngineMaterials/BaseFlattenLinearColor_VT.uasset" 433
"../../../Engine/Content/EngineMaterials/BaseFlattenLinearColor_VT.uexp" 434
"../../../Engine/Content/EngineMaterials/Black_1x1_EXR_Texture_VT.uasset" 435
"../../../Engine/Content/EngineMaterials/Black_1x1_EXR_Texture_VT.uexp" 436
"../../../Engine/Content/EngineMaterials/BaseFlattenDiffuseMap_VT.uasset" 437
"../../../Engine/Content/EngineMaterials/BaseFlattenDiffuseMap_VT.uexp" 438
"../../../Engine/Content/EngineMaterials/BaseFlattenNormalMap_VT.uasset" 439
"../../../Engine/Content/EngineMaterials/BaseFlattenNormalMap_VT.uexp" 440
"../../../Engine/Content/EngineMaterials/FlattenMaterial_WS_Normal_VT.uasset" 441
"../../../Engine/Content/EngineMaterials/FlattenMaterial_WS_Normal_VT.uexp" 442
"../../../Engine/Content/EngineMaterials/FlattenMaterial_VT.uasset" 443
"../../../Engine/Content/EngineMaterials/FlattenMaterial_VT.uexp" 444
"../../../Engine/Content/EngineMaterials/BaseFlattenGrayscaleMap.uasset" 445
"../../../Engine/Content/EngineMaterials/BaseFlattenGrayscaleMap.uexp" 446
"../../../Engine/Content/EngineMaterials/BaseFlattenDiffuseMap.uasset" 447
"../../../Engine/Content/EngineMaterials/BaseFlattenDiffuseMap.uexp" 448
"../../../Engine/Content/Functions/Engine_MaterialFunctions02/PivotPainter2/Black_1x1_EXR_Texture.uasset" 449
"../../../Engine/Content/Functions/Engine_MaterialFunctions02/PivotPainter2/Black_1x1_EXR_Texture.uexp" 450
"../../../Engine/Content/EngineMaterials/BaseFlattenEmissiveMap.uasset" 451
"../../../Engine/Content/EngineMaterials/BaseFlattenEmissiveMap.uexp" 452
"../../../Engine/Content/EngineMaterials/BaseFlattenLinearColor.uasset" 453
"../../../Engine/Content/EngineMaterials/BaseFlattenLinearColor.uexp" 454
"../../../Engine/Content/EngineMaterials/FlattenMaterial.uasset" 455
"../../../Engine/Content/EngineMaterials/FlattenMaterial.uexp" 456
"../../../Engine/Content/EngineMaterials/DefaultWhiteGrid_Low.uasset" 457
"../../../Engine/Content/EngineMaterials/DefaultWhiteGrid_Low.uexp" 458
"../../../Engine/Content/EngineMaterials/EmissiveMeshMaterial.uasset" 459
"../../../Engine/Content/EngineMaterials/EmissiveMeshMaterial.uexp" 460
"../../../Engine/Content/EngineFonts/RobotoDistanceField.uasset" 461
"../../../Engine/Content/EngineFonts/RobotoDistanceField.uexp" 462
"../../../Engine/Content/EngineMaterials/DefaultTextMaterialOpaque.uasset" 463
"../../../Engine/Content/EngineMaterials/DefaultTextMaterialOpaque.uexp" 464
"../../../Engine/Content/EngineMaterials/DefaultDiffuse.ubulk" 465
"../../../Engine/Content/EngineMaterials/DefaultDiffuse.uasset" 466
"../../../Engine/Content/EngineMaterials/DefaultDiffuse.uexp" 467
"../../../Engine/Content/Functions/Engine_MaterialFunctions02/Utility/BreakOutFloat2Components.uasset" 468
"../../../Engine/Content/Functions/Engine_MaterialFunctions02/Utility/BreakOutFloat2Components.uexp" 469
"../../../Engine/Content/EngineMaterials/DefaultPostProcessMaterial.uasset" 470
"../../../Engine/Content/EngineMaterials/DefaultPostProcessMaterial.uexp" 471
"../../../Engine/Content/EngineMaterials/DefaultPhysicalMaterial.uasset" 472
"../../../Engine/Content/EngineMaterials/DefaultPhysicalMaterial.uexp" 473
"../../../Engine/Content/EngineMaterials/DefaultLightFunctionMaterial.uasset" 474
"../../../Engine/Content/EngineMaterials/DefaultLightFunctionMaterial.uexp" 475
"../../../Engine/Content/EngineMaterials/DefaultDestructiblePhysicalMaterial.uasset" 476
"../../../Engine/Content/EngineMaterials/DefaultDestructiblePhysicalMaterial.uexp" 477
"../../../Engine/Content/EngineMaterials/DefaultDeferredDecalMaterial.uasset" 478
"../../../Engine/Content/EngineMaterials/DefaultDeferredDecalMaterial.uexp" 479
"../../../Engine/Content/EngineMaterials/DefaultBloomKernel.uasset" 480
"../../../Engine/Content/EngineMaterials/DefaultBloomKernel.uexp" 481
"../../../Engine/Content/Functions/Engine_MaterialFunctions02/Utility/CameraDirectionVector.uasset" 482
"../../../Engine/Content/Functions/Engine_MaterialFunctions02/Utility/CameraDirectionVector.uexp" 483
"../../../Engine/Content/EngineDebugMaterials/VolumeToRender.uasset" 484
"../../../Engine/Content/EngineDebugMaterials/VolumeToRender.uexp" 485
"../../../Engine/Content/EngineDebugMaterials/M_VolumeRenderSphereTracePP.uasset" 486
"../../../Engine/Content/EngineDebugMaterials/M_VolumeRenderSphereTracePP.uexp" 487
"../../../Engine/Content/EngineDebugMaterials/M_SimpleUnlitTranslucent.uasset" 488
"../../../Engine/Content/EngineDebugMaterials/M_SimpleUnlitTranslucent.uexp" 489
"../../../Engine/Content/EngineDebugMaterials/DebugMeshMaterial.uasset" 490
"../../../Engine/Content/EngineDebugMaterials/DebugMeshMaterial.uexp" 491
"../../../Engine/Content/EngineDebugMaterials/DebugEditorMaterial.uasset" 492
"../../../Engine/Content/EngineDebugMaterials/DebugEditorMaterial.uexp" 493
"../../../Engine/Content/EngineDamageTypes/DmgTypeBP_Environmental.uasset" 494
"../../../Engine/Content/EngineDamageTypes/DmgTypeBP_Environmental.uexp" 495
"../../../Engine/Content/EditorResources/S_Terrain.ubulk" 496
"../../../Engine/Content/EditorResources/S_Terrain.uasset" 497
"../../../Engine/Content/EditorResources/S_Terrain.uexp" 498
"../../../Engine/Content/EditorResources/EmptyActor.uasset" 499
"../../../Engine/Content/EditorResources/EmptyActor.uexp" 500
"../../../Engine/Content/EditorResources/BSPVertex.uasset" 501
"../../../Engine/Content/EditorResources/BSPVertex.uexp" 502
"../../../Engine/Content/EditorMaterials/PreviewShadowIndicator.ubulk" 503
"../../../Engine/Content/EditorMaterials/PreviewShadowIndicator.uasset" 504
"../../../Engine/Content/EditorMaterials/PreviewShadowIndicator.uexp" 505
"../../../Engine/Content/EditorMaterials/PreviewShadowIndicatorMaterial.uasset" 506
"../../../Engine/Content/EditorMaterials/PreviewShadowIndicatorMaterial.uexp" 507
"../../../Engine/Content/EditorMaterials/PhAT_UnselectedMaterial.uasset" 508
"../../../Engine/Content/EditorMaterials/PhAT_UnselectedMaterial.uexp" 509
"../../../Engine/Content/EditorMaterials/PhAT_NoCollisionMaterial.uasset" 510
"../../../Engine/Content/EditorMaterials/PhAT_NoCollisionMaterial.uexp" 511
"../../../Engine/Content/EditorLandscapeResources/DataLayer.uasset" 512
"../../../Engine/Content/EditorLandscapeResources/DataLayer.uexp" 513
"../../../Engine/Content/EngineMaterials/DefaultMaterial.uasset" 514
"../../../Engine/Content/EngineMaterials/DefaultMaterial.uexp" 515
"../../../Engine/Content/BasicShapes/Cone.uasset" 516
"../../../Engine/Content/BasicShapes/Cone.uexp" 517
"../../../Engine/Content/Animation/DefaultAnimBoneCompressionSettings.uasset" 518
"../../../Engine/Content/Animation/DefaultAnimBoneCompressionSettings.uexp" 519
"../../../Engine/Content/Functions/Engine_MaterialFunctions01/Shading/PowerToRoughness.uasset" 520
"../../../Engine/Content/Functions/Engine_MaterialFunctions01/Shading/PowerToRoughness.uexp" 521
"../../../Engine/Content/Functions/Engine_MaterialFunctions01/Shading/ConvertFromDiffSpec.uasset" 522
"../../../Engine/Content/Functions/Engine_MaterialFunctions01/Shading/ConvertFromDiffSpec.uexp" 523
"../../../Engine/Content/EngineSky/VolumetricClouds/CloudWeatherTexture.uasset" 524
"../../../Engine/Content/EngineSky/VolumetricClouds/CloudWeatherTexture.uexp" 525
"../../../Engine/Content/Functions/Engine_MaterialFunctions02/Utility/MakeFloat2.uasset" 526
"../../../Engine/Content/Functions/Engine_MaterialFunctions02/Utility/MakeFloat2.uexp" 527
"../../../Engine/Content/EngineSky/VolumetricClouds/CloudGradientTexture.uasset" 528
"../../../Engine/Content/EngineSky/VolumetricClouds/CloudGradientTexture.uexp" 529
"../../../Engine/Content/EngineSky/VolumetricClouds/T_NoiseShape64.ubulk" 530
"../../../Engine/Content/EngineSky/VolumetricClouds/T_NoiseShape64.uasset" 531
"../../../Engine/Content/EngineSky/VolumetricClouds/T_NoiseShape64.uexp" 532
"../../../Engine/Content/EngineSky/VolumetricClouds/T_VolumeNoiseShape64.uasset" 533
"../../../Engine/Content/EngineSky/VolumetricClouds/T_VolumeNoiseShape64.uexp" 534
"../../../Engine/Content/EngineSky/VolumetricClouds/T_NoiseErosion.ubulk" 535
"../../../Engine/Content/EngineSky/VolumetricClouds/T_NoiseErosion.uasset" 536
"../../../Engine/Content/EngineSky/VolumetricClouds/T_NoiseErosion.uexp" 537
"../../../Engine/Content/EngineSky/VolumetricClouds/T_VolumeNoiseErosion32.uasset" 538
"../../../Engine/Content/EngineSky/VolumetricClouds/T_VolumeNoiseErosion32.uexp" 539
"../../../Engine/Content/EngineSky/VolumetricClouds/m_SimpleVolumetricCloud.uasset" 540
"../../../Engine/Content/EngineSky/VolumetricClouds/m_SimpleVolumetricCloud.uexp" 541
"../../../Engine/Content/EngineSky/VolumetricClouds/m_SimpleVolumetricCloud_Inst.uasset" 542
"../../../Engine/Content/EngineSky/VolumetricClouds/m_SimpleVolumetricCloud_Inst.uexp" 543
"../../../Engine/Content/EngineResources/FilmGrains/Marcie_Grain_v3_128_M2_000.uasset" 544
"../../../Engine/Content/EngineResources/FilmGrains/Marcie_Grain_v3_128_M2_000.uexp" 545
"../../../Engine/Content/EditorResources/SequenceRecorder/RecordingIndicator.uasset" 546
"../../../Engine/Content/EditorResources/SequenceRecorder/RecordingIndicator.uexp" 547
"../../../Engine/Content/EditorResources/SequenceRecorder/Countdown.uasset" 548
"../../../Engine/Content/EditorResources/SequenceRecorder/Countdown.uexp" 549
"../../../Engine/Content/EditorResources/LightIcons/S_LightError.uasset" 550
"../../../Engine/Content/EditorResources/LightIcons/S_LightError.uexp" 551
"C:/Users/llooc/OneDrive - Deakin University/Project Files/Full_Body_IK_Kaz/Content/VRTemplate/Input/Actions/Hands/IA_Hand_Point_Left.uasset" 552
"C:/Users/llooc/OneDrive - Deakin University/Project Files/Full_Body_IK_Kaz/Content/VRTemplate/Input/Actions/Hands/IA_Hand_Point_Left.uexp" 553
"C:/Users/llooc/OneDrive - Deakin University/Project Files/Full_Body_IK_Kaz/Content/VRTemplate/Input/Actions/Hands/IA_Hand_ThumbUp_Left.uasset" 554
"C:/Users/llooc/OneDrive - Deakin University/Project Files/Full_Body_IK_Kaz/Content/VRTemplate/Input/Actions/Hands/IA_Hand_ThumbUp_Left.uexp" 555
"C:/Users/llooc/OneDrive - Deakin University/Project Files/Full_Body_IK_Kaz/Content/VRTemplate/Input/Actions/Hands/IA_Hand_IndexCurl_Right.uasset" 556
"C:/Users/llooc/OneDrive - Deakin University/Project Files/Full_Body_IK_Kaz/Content/VRTemplate/Input/Actions/Hands/IA_Hand_IndexCurl_Right.uexp" 557
"C:/Users/llooc/OneDrive - Deakin University/Project Files/Full_Body_IK_Kaz/Content/VRTemplate/Input/Actions/Hands/IA_Hand_Point_Right.uasset" 558
"C:/Users/llooc/OneDrive - Deakin University/Project Files/Full_Body_IK_Kaz/Content/VRTemplate/Input/Actions/Hands/IA_Hand_Point_Right.uexp" 559
"C:/Users/llooc/OneDrive - Deakin University/Project Files/Full_Body_IK_Kaz/Content/VRTemplate/Input/Actions/Hands/IA_Hand_Grasp_Right.uasset" 560
"C:/Users/llooc/OneDrive - Deakin University/Project Files/Full_Body_IK_Kaz/Content/VRTemplate/Input/Actions/Hands/IA_Hand_Grasp_Right.uexp" 561
"C:/Users/llooc/OneDrive - Deakin University/Project Files/Full_Body_IK_Kaz/Content/VRTemplate/Input/Actions/Hands/IA_Hand_Grasp_Left.uasset" 562
"C:/Users/llooc/OneDrive - Deakin University/Project Files/Full_Body_IK_Kaz/Content/VRTemplate/Input/Actions/Hands/IA_Hand_Grasp_Left.uexp" 563
"C:/Users/llooc/OneDrive - Deakin University/Project Files/Full_Body_IK_Kaz/Content/VRTemplate/Input/Actions/Hands/IA_Hand_IndexCurl_Left.uasset" 564
"C:/Users/llooc/OneDrive - Deakin University/Project Files/Full_Body_IK_Kaz/Content/VRTemplate/Input/Actions/Hands/IA_Hand_IndexCurl_Left.uexp" 565
"C:/Users/llooc/OneDrive - Deakin University/Project Files/Full_Body_IK_Kaz/Content/VRTemplate/Input/Actions/Hands/IA_Hand_ThumbUp_Right.uasset" 566
"C:/Users/llooc/OneDrive - Deakin University/Project Files/Full_Body_IK_Kaz/Content/VRTemplate/Input/Actions/Hands/IA_Hand_ThumbUp_Right.uexp" 567
"C:/Users/llooc/OneDrive - Deakin University/Project Files/Full_Body_IK_Kaz/Content/VRTemplate/Input/IMC_Hands.uasset" 568
"C:/Users/llooc/OneDrive - Deakin University/Project Files/Full_Body_IK_Kaz/Content/VRTemplate/Input/IMC_Hands.uexp" 569
"C:/Users/llooc/OneDrive - Deakin University/Project Files/Full_Body_IK_Kaz/Content/VRTemplate/Input/Actions/IA_Menu_Toggle_Left.uasset" 570
"C:/Users/llooc/OneDrive - Deakin University/Project Files/Full_Body_IK_Kaz/Content/VRTemplate/Input/Actions/IA_Menu_Toggle_Left.uexp" 571
"C:/Users/llooc/OneDrive - Deakin University/Project Files/Full_Body_IK_Kaz/Content/VRTemplate/Input/B_InputModifier_XAxisPositiveOnly.uasset" 572
"C:/Users/llooc/OneDrive - Deakin University/Project Files/Full_Body_IK_Kaz/Content/VRTemplate/Input/B_InputModifier_XAxisPositiveOnly.uexp" 573
"C:/Users/llooc/OneDrive - Deakin University/Project Files/Full_Body_IK_Kaz/Content/VRTemplate/Input/Actions/IA_Move.uasset" 574
"C:/Users/llooc/OneDrive - Deakin University/Project Files/Full_Body_IK_Kaz/Content/VRTemplate/Input/Actions/IA_Move.uexp" 575
"C:/Users/llooc/OneDrive - Deakin University/Project Files/Full_Body_IK_Kaz/Content/VRTemplate/Input/Actions/IA_Turn.uasset" 576
"C:/Users/llooc/OneDrive - Deakin University/Project Files/Full_Body_IK_Kaz/Content/VRTemplate/Input/Actions/IA_Turn.uexp" 577
"C:/Users/llooc/OneDrive - Deakin University/Project Files/Full_Body_IK_Kaz/Content/VRTemplate/Input/Actions/IA_Menu_Toggle_Right.uasset" 578
"C:/Users/llooc/OneDrive - Deakin University/Project Files/Full_Body_IK_Kaz/Content/VRTemplate/Input/Actions/IA_Menu_Toggle_Right.uexp" 579
"C:/Users/llooc/OneDrive - Deakin University/Project Files/Full_Body_IK_Kaz/Content/VRTemplate/Input/Actions/IA_Grab_Left.uasset" 580
"C:/Users/llooc/OneDrive - Deakin University/Project Files/Full_Body_IK_Kaz/Content/VRTemplate/Input/Actions/IA_Grab_Left.uexp" 581
"C:/Users/llooc/OneDrive - Deakin University/Project Files/Full_Body_IK_Kaz/Content/VRTemplate/Input/Actions/IA_Grab_Right.uasset" 582
"C:/Users/llooc/OneDrive - Deakin University/Project Files/Full_Body_IK_Kaz/Content/VRTemplate/Input/Actions/IA_Grab_Right.uexp" 583
"C:/Users/llooc/OneDrive - Deakin University/Project Files/Full_Body_IK_Kaz/Content/VRTemplate/Input/IMC_Default.uasset" 584
"C:/Users/llooc/OneDrive - Deakin University/Project Files/Full_Body_IK_Kaz/Content/VRTemplate/Input/IMC_Default.uexp" 585
"C:/Users/llooc/OneDrive - Deakin University/Project Files/Full_Body_IK_Kaz/Content/VRTemplate/Input/Actions/IA_Shoot_Left.uasset" 586
"C:/Users/llooc/OneDrive - Deakin University/Project Files/Full_Body_IK_Kaz/Content/VRTemplate/Input/Actions/IA_Shoot_Left.uexp" 587
"C:/Users/llooc/OneDrive - Deakin University/Project Files/Full_Body_IK_Kaz/Content/VRTemplate/Input/IMC_Weapon_Left.uasset" 588
"C:/Users/llooc/OneDrive - Deakin University/Project Files/Full_Body_IK_Kaz/Content/VRTemplate/Input/IMC_Weapon_Left.uexp" 589
"C:/Users/llooc/OneDrive - Deakin University/Project Files/Full_Body_IK_Kaz/Content/VRTemplate/Input/Actions/IA_Shoot_Right.uasset" 590
"C:/Users/llooc/OneDrive - Deakin University/Project Files/Full_Body_IK_Kaz/Content/VRTemplate/Input/Actions/IA_Shoot_Right.uexp" 591
"C:/Users/llooc/OneDrive - Deakin University/Project Files/Full_Body_IK_Kaz/Content/VRTemplate/Input/IMC_Weapon_Right.uasset" 592
"C:/Users/llooc/OneDrive - Deakin University/Project Files/Full_Body_IK_Kaz/Content/VRTemplate/Input/IMC_Weapon_Right.uexp" 593
"C:/Users/llooc/OneDrive - Deakin University/Project Files/Full_Body_IK_Kaz/Content/VRTemplate/Input/Actions/IA_Menu_Cursor_Left.uasset" 594
"C:/Users/llooc/OneDrive - Deakin University/Project Files/Full_Body_IK_Kaz/Content/VRTemplate/Input/Actions/IA_Menu_Cursor_Left.uexp" 595
"C:/Users/llooc/OneDrive - Deakin University/Project Files/Full_Body_IK_Kaz/Content/VRTemplate/Input/Actions/IA_Menu_Cursor_Right.uasset" 596
"C:/Users/llooc/OneDrive - Deakin University/Project Files/Full_Body_IK_Kaz/Content/VRTemplate/Input/Actions/IA_Menu_Cursor_Right.uexp" 597
"C:/Users/llooc/OneDrive - Deakin University/Project Files/Full_Body_IK_Kaz/Content/VRTemplate/Input/Actions/IA_Menu_Interact_Right.uasset" 598
"C:/Users/llooc/OneDrive - Deakin University/Project Files/Full_Body_IK_Kaz/Content/VRTemplate/Input/Actions/IA_Menu_Interact_Right.uexp" 599
"C:/Users/llooc/OneDrive - Deakin University/Project Files/Full_Body_IK_Kaz/Content/VRTemplate/Input/Actions/IA_Menu_Interact_Left.uasset" 600
"C:/Users/llooc/OneDrive - Deakin University/Project Files/Full_Body_IK_Kaz/Content/VRTemplate/Input/Actions/IA_Menu_Interact_Left.uexp" 601
"C:/Users/llooc/OneDrive - Deakin University/Project Files/Full_Body_IK_Kaz/Content/VRTemplate/Input/IMC_Menu.uasset" 602
"C:/Users/llooc/OneDrive - Deakin University/Project Files/Full_Body_IK_Kaz/Content/VRTemplate/Input/IMC_Menu.uexp" 603
"C:/Users/llooc/OneDrive - Deakin University/Project Files/Full_Body_IK_Kaz/Content/VRTemplate/Input/PMI_VRTemplate.uasset" 604
"C:/Users/llooc/OneDrive - Deakin University/Project Files/Full_Body_IK_Kaz/Content/VRTemplate/Input/PMI_VRTemplate.uexp" 605
"../../../Engine/Content/Maps/Entry_BuiltData.uasset" 606
"../../../Engine/Content/Maps/Entry_BuiltData.uexp" 607
"../../../Engine/Content/Maps/Entry.uexp" 608
"../../../Engine/Content/Maps/Entry.umap" 609
"C:/Users/llooc/OneDrive - Deakin University/Project Files/Full_Body_IK_Kaz/Content/VRTemplate/Textures/T_Grid.ubulk" 610
"C:/Users/llooc/OneDrive - Deakin University/Project Files/Full_Body_IK_Kaz/Content/VRTemplate/Textures/T_Grid.uasset" 611
"C:/Users/llooc/OneDrive - Deakin University/Project Files/Full_Body_IK_Kaz/Content/VRTemplate/Textures/T_Grid.uexp" 612
"../../../Engine/Content/Functions/Engine_MaterialFunctions02/Utility/AppendMany.uasset" 613
"../../../Engine/Content/Functions/Engine_MaterialFunctions02/Utility/AppendMany.uexp" 614
"../../../Engine/Content/Functions/Engine_MaterialFunctions02/Utility/MakeFloat3.uasset" 615
"../../../Engine/Content/Functions/Engine_MaterialFunctions02/Utility/MakeFloat3.uexp" 616
"../../../Engine/Content/Functions/Engine_MaterialFunctions01/Gradient/LinearGradient.uasset" 617
"../../../Engine/Content/Functions/Engine_MaterialFunctions01/Gradient/LinearGradient.uexp" 618
"../../../Engine/Content/Functions/Engine_MaterialFunctions01/ImageAdjustment/CheapContrast.uasset" 619
"../../../Engine/Content/Functions/Engine_MaterialFunctions01/ImageAdjustment/CheapContrast.uexp" 620
"../../../Engine/Content/Functions/Engine_MaterialFunctions01/Texturing/WorldAlignedTexture.uasset" 621
"../../../Engine/Content/Functions/Engine_MaterialFunctions01/Texturing/WorldAlignedTexture.uexp" 622
"C:/Users/llooc/OneDrive - Deakin University/Project Files/Full_Body_IK_Kaz/Content/VRTemplate/Materials/M_GridRotation.uasset" 623
"C:/Users/llooc/OneDrive - Deakin University/Project Files/Full_Body_IK_Kaz/Content/VRTemplate/Materials/M_GridRotation.uexp" 624
"C:/Users/llooc/OneDrive - Deakin University/Project Files/Full_Body_IK_Kaz/Content/VRTemplate/Materials/MI_Grid_Accent.uasset" 625
"C:/Users/llooc/OneDrive - Deakin University/Project Files/Full_Body_IK_Kaz/Content/VRTemplate/Materials/MI_Grid_Accent.uexp" 626
"C:/Users/llooc/OneDrive - Deakin University/Project Files/Full_Body_IK_Kaz/Content/VRTemplate/Haptics/GrabHapticEffect.uasset" 627
"C:/Users/llooc/OneDrive - Deakin University/Project Files/Full_Body_IK_Kaz/Content/VRTemplate/Haptics/GrabHapticEffect.uexp" 628
"C:/Users/llooc/OneDrive - Deakin University/Project Files/Full_Body_IK_Kaz/Content/VRTemplate/Blueprints/GrabType.uasset" 629
"C:/Users/llooc/OneDrive - Deakin University/Project Files/Full_Body_IK_Kaz/Content/VRTemplate/Blueprints/GrabType.uexp" 630
"C:/Users/llooc/OneDrive - Deakin University/Project Files/Full_Body_IK_Kaz/Content/VRTemplate/Blueprints/GrabComponent.uasset" 631
"C:/Users/llooc/OneDrive - Deakin University/Project Files/Full_Body_IK_Kaz/Content/VRTemplate/Blueprints/GrabComponent.uexp" 632
"../../../Engine/Content/EngineSky/C_Sky_Horizon_Color.uasset" 633
"../../../Engine/Content/EngineSky/C_Sky_Horizon_Color.uexp" 634
"../../../Engine/Content/EngineSky/T_Sky_Stars.ubulk" 635
"../../../Engine/Content/EngineSky/T_Sky_Stars.uasset" 636
"../../../Engine/Content/EngineSky/T_Sky_Stars.uexp" 637
"../../../Engine/Content/EngineSky/T_Sky_Clouds_M.ubulk" 638
"../../../Engine/Content/EngineSky/T_Sky_Clouds_M.uasset" 639
"../../../Engine/Content/EngineSky/T_Sky_Clouds_M.uexp" 640
"../../../Engine/Content/EngineSky/T_Sky_Blue.ubulk" 641
"../../../Engine/Content/EngineSky/T_Sky_Blue.uasset" 642
"../../../Engine/Content/EngineSky/T_Sky_Blue.uexp" 643
"../../../Engine/Content/EngineSky/M_Sky_Panning_Clouds2.uasset" 644
"../../../Engine/Content/EngineSky/M_Sky_Panning_Clouds2.uexp" 645
"../../../Engine/Content/EngineSky/SM_SkySphere.uasset" 646
"../../../Engine/Content/EngineSky/SM_SkySphere.uexp" 647
"../../../Engine/Content/EngineSky/C_Sky_Cloud_Color.uasset" 648
"../../../Engine/Content/EngineSky/C_Sky_Cloud_Color.uexp" 649
"../../../Engine/Content/EngineSky/C_Sky_Zenith_Color.uasset" 650
"../../../Engine/Content/EngineSky/C_Sky_Zenith_Color.uexp" 651
"../../../Engine/Content/EditorBlueprintResources/StandardMacros.uasset" 652
"../../../Engine/Content/EditorBlueprintResources/StandardMacros.uexp" 653
"../../../Engine/Content/EngineSky/BP_Sky_Sphere.uasset" 654
"../../../Engine/Content/EngineSky/BP_Sky_Sphere.uexp" 655
"C:/Users/llooc/OneDrive - Deakin University/Project Files/Full_Body_IK_Kaz/Content/VRTemplate/Materials/MI_Grid_Default.uasset" 656
"C:/Users/llooc/OneDrive - Deakin University/Project Files/Full_Body_IK_Kaz/Content/VRTemplate/Materials/MI_Grid_Default.uexp" 657
"../../../Engine/Content/VREditor/BasicMeshes/T_CleanFloorGrunge_01_D.ubulk" 658
"../../../Engine/Content/VREditor/BasicMeshes/T_CleanFloorGrunge_01_D.uasset" 659
"../../../Engine/Content/VREditor/BasicMeshes/T_CleanFloorGrunge_01_D.uexp" 660
"../../../Engine/Content/VREditor/BasicMeshes/M_Floor_01.uasset" 661
"../../../Engine/Content/VREditor/BasicMeshes/M_Floor_01.uexp" 662
"../../../Engine/Content/VREditor/BasicMeshes/MI_Cube_01.uasset" 663
"../../../Engine/Content/VREditor/BasicMeshes/MI_Cube_01.uexp" 664
"../../../Engine/Content/VREditor/BasicMeshes/SM_Cube_01.uasset" 665
"../../../Engine/Content/VREditor/BasicMeshes/SM_Cube_01.uexp" 666
"C:/Users/llooc/OneDrive - Deakin University/Project Files/Full_Body_IK_Kaz/Content/VRTemplate/Blueprints/Grabbable_SmallCube.uasset" 667
"C:/Users/llooc/OneDrive - Deakin University/Project Files/Full_Body_IK_Kaz/Content/VRTemplate/Blueprints/Grabbable_SmallCube.uexp" 668
"C:/Users/llooc/OneDrive - Deakin University/Project Files/Full_Body_IK_Kaz/Content/LevelPrototyping/Textures/T_GridChecker_A.ubulk" 669
"C:/Users/llooc/OneDrive - Deakin University/Project Files/Full_Body_IK_Kaz/Content/LevelPrototyping/Textures/T_GridChecker_A.uasset" 670
"C:/Users/llooc/OneDrive - Deakin University/Project Files/Full_Body_IK_Kaz/Content/LevelPrototyping/Textures/T_GridChecker_A.uexp" 671
"C:/Users/llooc/OneDrive - Deakin University/Project Files/Full_Body_IK_Kaz/Content/LevelPrototyping/Materials/MF_ProcGrid.uasset" 672
"C:/Users/llooc/OneDrive - Deakin University/Project Files/Full_Body_IK_Kaz/Content/LevelPrototyping/Materials/MF_ProcGrid.uexp" 673
"C:/Users/llooc/OneDrive - Deakin University/Project Files/Full_Body_IK_Kaz/Content/LevelPrototyping/Materials/M_PrototypeGrid.uasset" 674
"C:/Users/llooc/OneDrive - Deakin University/Project Files/Full_Body_IK_Kaz/Content/LevelPrototyping/Materials/M_PrototypeGrid.uexp" 675
"C:/Users/llooc/OneDrive - Deakin University/Project Files/Full_Body_IK_Kaz/Content/LevelPrototyping/Materials/MI_PrototypeGrid_Gray.uasset" 676
"C:/Users/llooc/OneDrive - Deakin University/Project Files/Full_Body_IK_Kaz/Content/LevelPrototyping/Materials/MI_PrototypeGrid_Gray.uexp" 677
"C:/Users/llooc/OneDrive - Deakin University/Project Files/Full_Body_IK_Kaz/Content/LevelPrototyping/Meshes/SM_Cube.uasset" 678
"C:/Users/llooc/OneDrive - Deakin University/Project Files/Full_Body_IK_Kaz/Content/LevelPrototyping/Meshes/SM_Cube.uexp" 679
"C:/Users/llooc/OneDrive - Deakin University/Project Files/Full_Body_IK_Kaz/Content/VRTemplate/VRHands/Left_Hand/VR_Hand_Left_Skeleton.uasset" 680
"C:/Users/llooc/OneDrive - Deakin University/Project Files/Full_Body_IK_Kaz/Content/VRTemplate/VRHands/Left_Hand/VR_Hand_Left_Skeleton.uexp" 681
"C:/Users/llooc/OneDrive - Deakin University/Project Files/Full_Body_IK_Kaz/Content/VRTemplate/VRHands/Left_Hand/VR_Hand_Left_Skeleton_AnimBlueprint.uasset" 682
"C:/Users/llooc/OneDrive - Deakin University/Project Files/Full_Body_IK_Kaz/Content/VRTemplate/VRHands/Left_Hand/VR_Hand_Left_Skeleton_AnimBlueprint.uexp" 683
"../../../Engine/Plugins/FX/Niagara/Content/Enums/ENiagara_MassInitializationMode.uasset" 684
"../../../Engine/Plugins/FX/Niagara/Content/Enums/ENiagara_MassInitializationMode.uexp" 685
"../../../Engine/Plugins/FX/Niagara/Content/Enums/ENiagaraRandomnessMode.uasset" 686
"../../../Engine/Plugins/FX/Niagara/Content/Enums/ENiagaraRandomnessMode.uexp" 687
"../../../Engine/Plugins/FX/Niagara/Content/Enums/ENiagaraRandomnessEvaluation.uasset" 688
"../../../Engine/Plugins/FX/Niagara/Content/Enums/ENiagaraRandomnessEvaluation.uexp" 689
"../../../Engine/Plugins/FX/Niagara/Content/Enums/ENiagaraArraySamplingMode.uasset" 690
"../../../Engine/Plugins/FX/Niagara/Content/Enums/ENiagaraArraySamplingMode.uexp" 691
"../../../Engine/Plugins/FX/Niagara/Content/Enums/ENiagara_WrapClamp.uasset" 692
"../../../Engine/Plugins/FX/Niagara/Content/Enums/ENiagara_WrapClamp.uexp" 693
"../../../Engine/Plugins/FX/Niagara/Content/Enums/ENiagara_PositionInitializationMode.uasset" 694
"../../../Engine/Plugins/FX/Niagara/Content/Enums/ENiagara_PositionInitializationMode.uexp" 695
"../../../Engine/Plugins/FX/Niagara/Content/Enums/ENiagara_LifetimeMode.uasset" 696
"../../../Engine/Plugins/FX/Niagara/Content/Enums/ENiagara_LifetimeMode.uexp" 697
"../../../Engine/Plugins/FX/Niagara/Content/Enums/ENiagaraEmitterLifeCycleMode.uasset" 698
"../../../Engine/Plugins/FX/Niagara/Content/Enums/ENiagaraEmitterLifeCycleMode.uexp" 699
"../../../Engine/Plugins/FX/Niagara/Content/Enums/ENiagara_InfiniteLoopDuration.uasset" 700
"../../../Engine/Plugins/FX/Niagara/Content/Enums/ENiagara_InfiniteLoopDuration.uexp" 701
"../../../Engine/Plugins/FX/Niagara/Content/Enums/ENiagara_EmitterStateOptions.uasset" 702
"../../../Engine/Plugins/FX/Niagara/Content/Enums/ENiagara_EmitterStateOptions.uexp" 703
"../../../Engine/Plugins/FX/Niagara/Content/Enums/ENiagaraInactiveMode.uasset" 704
"../../../Engine/Plugins/FX/Niagara/Content/Enums/ENiagaraInactiveMode.uexp" 705
"../../../Engine/Plugins/FX/Niagara/Content/Enums/ENiagaraExecutionStateManagement.uasset" 706
"../../../Engine/Plugins/FX/Niagara/Content/Enums/ENiagaraExecutionStateManagement.uexp" 707
"../../../Engine/Plugins/FX/Niagara/Content/Enums/ENiagaraEmitterScalabilityMode_Limited.uasset" 708
"../../../Engine/Plugins/FX/Niagara/Content/Enums/ENiagaraEmitterScalabilityMode_Limited.uexp" 709
"../../../Engine/Plugins/FX/Niagara/Content/Enums/Ribbons/ENiagara_UnsetDirectSet.uasset" 710
"../../../Engine/Plugins/FX/Niagara/Content/Enums/Ribbons/ENiagara_UnsetDirectSet.uexp" 711
"../../../Engine/Plugins/FX/Niagara/Content/Enums/ENiagara_ColorInitializationMode.uasset" 712
"../../../Engine/Plugins/FX/Niagara/Content/Enums/ENiagara_ColorInitializationMode.uexp" 713
"../../../Engine/Plugins/FX/Niagara/Content/Enums/ENiagaraChannelCorrelation.uasset" 714
"../../../Engine/Plugins/FX/Niagara/Content/Enums/ENiagaraChannelCorrelation.uexp" 715
"../../../Engine/Plugins/FX/Niagara/Content/Enums/ENiagaraSystemInactiveMode.uasset" 716
"../../../Engine/Plugins/FX/Niagara/Content/Enums/ENiagaraSystemInactiveMode.uexp" 717
"C:/Users/llooc/OneDrive - Deakin University/Project Files/Full_Body_IK_Kaz/Content/VRTemplate/VFX/NPC_VRTemplate.uasset" 718
"C:/Users/llooc/OneDrive - Deakin University/Project Files/Full_Body_IK_Kaz/Content/VRTemplate/VFX/NPC_VRTemplate.uexp" 719
"../../../Engine/Content/EngineMaterials/Good64x64TilingNoiseHighFreq.uasset" 720
"../../../Engine/Content/EngineMaterials/Good64x64TilingNoiseHighFreq.uexp" 721
"../../../Engine/Content/Functions/Engine_MaterialFunctions02/Utility/DepthFromWorldPosition.uasset" 722
"../../../Engine/Content/Functions/Engine_MaterialFunctions02/Utility/DepthFromWorldPosition.uexp" 723
"C:/Users/llooc/OneDrive - Deakin University/Project Files/Full_Body_IK_Kaz/Content/VRTemplate/Materials/Functions/MF_OccludedPixels.uasset" 724
"C:/Users/llooc/OneDrive - Deakin University/Project Files/Full_Body_IK_Kaz/Content/VRTemplate/Materials/Functions/MF_OccludedPixels.uexp" 725
"C:/Users/llooc/OneDrive - Deakin University/Project Files/Full_Body_IK_Kaz/Content/VRTemplate/Materials/M_TeleportNoise.uasset" 726
"C:/Users/llooc/OneDrive - Deakin University/Project Files/Full_Body_IK_Kaz/Content/VRTemplate/Materials/M_TeleportNoise.uexp" 727
"../../../Engine/Plugins/FX/Niagara/Content/Icons/Modules/T_Icon_Particle_InfiniteLife.uasset" 728
"../../../Engine/Plugins/FX/Niagara/Content/Icons/Modules/T_Icon_Particle_InfiniteLife.uexp" 729
"C:/Users/llooc/OneDrive - Deakin University/Project Files/Full_Body_IK_Kaz/Content/VRTemplate/VFX/NS_PlayAreaBounds.uasset" 730
"C:/Users/llooc/OneDrive - Deakin University/Project Files/Full_Body_IK_Kaz/Content/VRTemplate/VFX/NS_PlayAreaBounds.uexp" 731
"../../../Engine/Content/BasicShapes/Cylinder.uasset" 732
"../../../Engine/Content/BasicShapes/Cylinder.uexp" 733
"../../../Engine/Plugins/FX/Niagara/Content/Enums/ENiagaraTorusDistributionMode.uasset" 734
"../../../Engine/Plugins/FX/Niagara/Content/Enums/ENiagaraTorusDistributionMode.uexp" 735
"../../../Engine/Plugins/FX/Niagara/Content/Enums/ENiagaraTorusMode.uasset" 736
"../../../Engine/Plugins/FX/Niagara/Content/Enums/ENiagaraTorusMode.uexp" 737
"../../../Engine/Plugins/FX/Niagara/Content/Enums/ENiagara_SizeScaleMode.uasset" 738
"../../../Engine/Plugins/FX/Niagara/Content/Enums/ENiagara_SizeScaleMode.uexp" 739
"../../../Engine/Plugins/FX/Niagara/Content/Enums/ENiagara_UVFlippingMode.uasset" 740
"../../../Engine/Plugins/FX/Niagara/Content/Enums/ENiagara_UVFlippingMode.uexp" 741
"../../../Engine/Plugins/FX/Niagara/Content/Enums/Ribbons/ENiagara_UnsetDirectSetRandom.uasset" 742
"../../../Engine/Plugins/FX/Niagara/Content/Enums/Ribbons/ENiagara_UnsetDirectSetRandom.uexp" 743
"../../../Engine/Plugins/FX/Niagara/Content/Enums/ENiagara_SpriteRotationMode.uasset" 744
"../../../Engine/Plugins/FX/Niagara/Content/Enums/ENiagara_SpriteRotationMode.uexp" 745
"C:/Users/llooc/OneDrive - Deakin University/Project Files/Full_Body_IK_Kaz/Content/VRTemplate/Materials/M_TeleportCylinder.uasset" 746
"C:/Users/llooc/OneDrive - Deakin University/Project Files/Full_Body_IK_Kaz/Content/VRTemplate/Materials/M_TeleportCylinder.uexp" 747
"../../../Engine/Plugins/FX/Niagara/Content/Enums/ENiagaraVector4_Channels.uasset" 748
"../../../Engine/Plugins/FX/Niagara/Content/Enums/ENiagaraVector4_Channels.uexp" 749
"C:/Users/llooc/OneDrive - Deakin University/Project Files/Full_Body_IK_Kaz/Content/VRTemplate/VFX/NS_TeleportRing.uasset" 750
"C:/Users/llooc/OneDrive - Deakin University/Project Files/Full_Body_IK_Kaz/Content/VRTemplate/VFX/NS_TeleportRing.uexp" 751
"C:/Users/llooc/OneDrive - Deakin University/Project Files/Full_Body_IK_Kaz/Content/VRTemplate/Blueprints/VRTeleportVisualizer.uasset" 752
"C:/Users/llooc/OneDrive - Deakin University/Project Files/Full_Body_IK_Kaz/Content/VRTemplate/Blueprints/VRTeleportVisualizer.uexp" 753
"C:/Users/llooc/OneDrive - Deakin University/Project Files/Full_Body_IK_Kaz/Content/Mannequin/Character/Textures/UE4_Mannequin_MAT_MASKA.ubulk" 754
"C:/Users/llooc/OneDrive - Deakin University/Project Files/Full_Body_IK_Kaz/Content/Mannequin/Character/Textures/UE4_Mannequin_MAT_MASKA.uasset" 755
"C:/Users/llooc/OneDrive - Deakin University/Project Files/Full_Body_IK_Kaz/Content/Mannequin/Character/Textures/UE4_Mannequin_MAT_MASKA.uexp" 756
"../../../Engine/Content/Functions/Engine_MaterialFunctions02/Utility/BlendAngleCorrectedNormals.uasset" 757
"../../../Engine/Content/Functions/Engine_MaterialFunctions02/Utility/BlendAngleCorrectedNormals.uexp" 758
"../../../Engine/Content/Functions/MaterialLayerFunctions/MatLayerBlend_NormalBlend.uasset" 759
"../../../Engine/Content/Functions/MaterialLayerFunctions/MatLayerBlend_NormalBlend.uexp" 760
"C:/Users/llooc/OneDrive - Deakin University/Project Files/Full_Body_IK_Kaz/Content/Mannequin/Character/Materials/MaterialLayers/ML_Plastic_Shiny_Beige.uasset" 761
"C:/Users/llooc/OneDrive - Deakin University/Project Files/Full_Body_IK_Kaz/Content/Mannequin/Character/Materials/MaterialLayers/ML_Plastic_Shiny_Beige.uexp" 762
"C:/Users/llooc/OneDrive - Deakin University/Project Files/Full_Body_IK_Kaz/Content/Mannequin/Character/Textures/UE4_LOGO_CARD.ubulk" 763
"C:/Users/llooc/OneDrive - Deakin University/Project Files/Full_Body_IK_Kaz/Content/Mannequin/Character/Textures/UE4_LOGO_CARD.uasset" 764
"C:/Users/llooc/OneDrive - Deakin University/Project Files/Full_Body_IK_Kaz/Content/Mannequin/Character/Textures/UE4_LOGO_CARD.uexp" 765
"C:/Users/llooc/OneDrive - Deakin University/Project Files/Full_Body_IK_Kaz/Content/Mannequin/Character/Materials/MaterialLayers/ML_Plastic_Shiny_Beige_LOGO.uasset" 766
"C:/Users/llooc/OneDrive - Deakin University/Project Files/Full_Body_IK_Kaz/Content/Mannequin/Character/Materials/MaterialLayers/ML_Plastic_Shiny_Beige_LOGO.uexp" 767
"C:/Users/llooc/OneDrive - Deakin University/Project Files/Full_Body_IK_Kaz/Content/Mannequin/Character/Textures/UE4_Mannequin__normals.ubulk" 768
"C:/Users/llooc/OneDrive - Deakin University/Project Files/Full_Body_IK_Kaz/Content/Mannequin/Character/Textures/UE4_Mannequin__normals.uasset" 769
"C:/Users/llooc/OneDrive - Deakin University/Project Files/Full_Body_IK_Kaz/Content/Mannequin/Character/Textures/UE4_Mannequin__normals.uexp" 770
"../../../Engine/Content/Functions/MaterialLayerFunctions/MatLayerBlend_Simple.uasset" 771
"../../../Engine/Content/Functions/MaterialLayerFunctions/MatLayerBlend_Simple.uexp" 772
"C:/Users/llooc/OneDrive - Deakin University/Project Files/Full_Body_IK_Kaz/Content/Mannequin/Character/Materials/MaterialLayers/T_ML_Aluminum01_N.ubulk" 773
"C:/Users/llooc/OneDrive - Deakin University/Project Files/Full_Body_IK_Kaz/Content/Mannequin/Character/Materials/MaterialLayers/T_ML_Aluminum01_N.uasset" 774
"C:/Users/llooc/OneDrive - Deakin University/Project Files/Full_Body_IK_Kaz/Content/Mannequin/Character/Materials/MaterialLayers/T_ML_Aluminum01_N.uexp" 775
"C:/Users/llooc/OneDrive - Deakin University/Project Files/Full_Body_IK_Kaz/Content/Mannequin/Character/Materials/MaterialLayers/T_ML_Aluminum01.ubulk" 776
"C:/Users/llooc/OneDrive - Deakin University/Project Files/Full_Body_IK_Kaz/Content/Mannequin/Character/Materials/MaterialLayers/T_ML_Aluminum01.uasset" 777
"C:/Users/llooc/OneDrive - Deakin University/Project Files/Full_Body_IK_Kaz/Content/Mannequin/Character/Materials/MaterialLayers/T_ML_Aluminum01.uexp" 778
"C:/Users/llooc/OneDrive - Deakin University/Project Files/Full_Body_IK_Kaz/Content/Mannequin/Character/Materials/MaterialLayers/ML_SoftMetal_UE4.uasset" 779
"C:/Users/llooc/OneDrive - Deakin University/Project Files/Full_Body_IK_Kaz/Content/Mannequin/Character/Materials/MaterialLayers/ML_SoftMetal_UE4.uexp" 780
"C:/Users/llooc/OneDrive - Deakin University/Project Files/Full_Body_IK_Kaz/Content/Mannequin/Character/Materials/MaterialLayers/T_ML_Rubber_Blue_01_N.ubulk" 781
"C:/Users/llooc/OneDrive - Deakin University/Project Files/Full_Body_IK_Kaz/Content/Mannequin/Character/Materials/MaterialLayers/T_ML_Rubber_Blue_01_N.uasset" 782
"C:/Users/llooc/OneDrive - Deakin University/Project Files/Full_Body_IK_Kaz/Content/Mannequin/Character/Materials/MaterialLayers/T_ML_Rubber_Blue_01_N.uexp" 783
"C:/Users/llooc/OneDrive - Deakin University/Project Files/Full_Body_IK_Kaz/Content/Mannequin/Character/Materials/MaterialLayers/T_ML_Rubber_Blue_01_D.ubulk" 784
"C:/Users/llooc/OneDrive - Deakin University/Project Files/Full_Body_IK_Kaz/Content/Mannequin/Character/Materials/MaterialLayers/T_ML_Rubber_Blue_01_D.uasset" 785
"C:/Users/llooc/OneDrive - Deakin University/Project Files/Full_Body_IK_Kaz/Content/Mannequin/Character/Materials/MaterialLayers/T_ML_Rubber_Blue_01_D.uexp" 786
"C:/Users/llooc/OneDrive - Deakin University/Project Files/Full_Body_IK_Kaz/Content/Mannequin/Character/Materials/MaterialLayers/ML_GlossyBlack_Latex_UE4.uasset" 787
"C:/Users/llooc/OneDrive - Deakin University/Project Files/Full_Body_IK_Kaz/Content/Mannequin/Character/Materials/MaterialLayers/ML_GlossyBlack_Latex_UE4.uexp" 788
"C:/Users/llooc/OneDrive - Deakin University/Project Files/Full_Body_IK_Kaz/Content/Mannequin/Character/Materials/M_UE4Man_Body.uasset" 789
"C:/Users/llooc/OneDrive - Deakin University/Project Files/Full_Body_IK_Kaz/Content/Mannequin/Character/Materials/M_UE4Man_Body.uexp" 790
"C:/Users/llooc/OneDrive - Deakin University/Project Files/Full_Body_IK_Kaz/Content/Characters/MannequinsXR/Meshes/SK_MannequinsXR.uasset" 791
"C:/Users/llooc/OneDrive - Deakin University/Project Files/Full_Body_IK_Kaz/Content/Characters/MannequinsXR/Meshes/SK_MannequinsXR.uexp" 792
"C:/Users/llooc/OneDrive - Deakin University/Project Files/Full_Body_IK_Kaz/Content/Characters/MannequinsXR/Meshes/SKM_MannyXR_left.uasset" 793
"C:/Users/llooc/OneDrive - Deakin University/Project Files/Full_Body_IK_Kaz/Content/Characters/MannequinsXR/Meshes/SKM_MannyXR_left.uexp" 794
"../../../Engine/Content/Animation/DefaultAnimCurveCompressionSettings.uasset" 795
"../../../Engine/Content/Animation/DefaultAnimCurveCompressionSettings.uexp" 796
"../../../Engine/Content/Animation/DefaultRecorderBoneCompression.uasset" 797
"../../../Engine/Content/Animation/DefaultRecorderBoneCompression.uexp" 798
"C:/Users/llooc/OneDrive - Deakin University/Project Files/Full_Body_IK_Kaz/Content/Characters/MannequinsXR/Animations/A_MannequinsXR_Idle_Right.uasset" 799
"C:/Users/llooc/OneDrive - Deakin University/Project Files/Full_Body_IK_Kaz/Content/Characters/MannequinsXR/Animations/A_MannequinsXR_Idle_Right.uexp" 800
"C:/Users/llooc/OneDrive - Deakin University/Project Files/Full_Body_IK_Kaz/Content/Characters/MannequinsXR/Animations/A_MannequinsXR_ThumbUp_Right.uasset" 801
"C:/Users/llooc/OneDrive - Deakin University/Project Files/Full_Body_IK_Kaz/Content/Characters/MannequinsXR/Animations/A_MannequinsXR_ThumbUp_Right.uexp" 802
"C:/Users/llooc/OneDrive - Deakin University/Project Files/Full_Body_IK_Kaz/Content/Characters/MannequinsXR/Animations/A_MannequinsXR_Point_Right.uasset" 803
"C:/Users/llooc/OneDrive - Deakin University/Project Files/Full_Body_IK_Kaz/Content/Characters/MannequinsXR/Animations/A_MannequinsXR_Point_Right.uexp" 804
"C:/Users/llooc/OneDrive - Deakin University/Project Files/Full_Body_IK_Kaz/Content/Characters/MannequinsXR/Animations/MDT_MannequinsXR.uasset" 805
"C:/Users/llooc/OneDrive - Deakin University/Project Files/Full_Body_IK_Kaz/Content/Characters/MannequinsXR/Animations/MDT_MannequinsXR.uexp" 806
"C:/Users/llooc/OneDrive - Deakin University/Project Files/Full_Body_IK_Kaz/Content/Characters/MannequinsXR/Animations/A_MannequinsXR_Grasp_Right.uasset" 807
"C:/Users/llooc/OneDrive - Deakin University/Project Files/Full_Body_IK_Kaz/Content/Characters/MannequinsXR/Animations/A_MannequinsXR_Grasp_Right.uexp" 808
"C:/Users/llooc/OneDrive - Deakin University/Project Files/Full_Body_IK_Kaz/Content/Characters/MannequinsXR/Animations/A_MannequinsXR_IndexCurl_Right.uasset" 809
"C:/Users/llooc/OneDrive - Deakin University/Project Files/Full_Body_IK_Kaz/Content/Characters/MannequinsXR/Animations/A_MannequinsXR_IndexCurl_Right.uexp" 810
"C:/Users/llooc/OneDrive - Deakin University/Project Files/Full_Body_IK_Kaz/Content/Characters/MannequinsXR/Meshes/ABP_MannequinsXR.uasset" 811
"C:/Users/llooc/OneDrive - Deakin University/Project Files/Full_Body_IK_Kaz/Content/Characters/MannequinsXR/Meshes/ABP_MannequinsXR.uexp" 812
"C:/Users/llooc/OneDrive - Deakin University/Project Files/Full_Body_IK_Kaz/Content/Characters/MannequinsXR/B_MannequinsXR.uasset" 813
"C:/Users/llooc/OneDrive - Deakin University/Project Files/Full_Body_IK_Kaz/Content/Characters/MannequinsXR/B_MannequinsXR.uexp" 814
"../../../Engine/Plugins/FX/Niagara/Content/Icons/Modules/T_Icon_Solver_LimitSpeed.uasset" 815
"../../../Engine/Plugins/FX/Niagara/Content/Icons/Modules/T_Icon_Solver_LimitSpeed.uexp" 816
"../../../Engine/Plugins/FX/Niagara/Content/Icons/Modules/T_Icon_Solver_RotationalSolve.uasset" 817
"../../../Engine/Plugins/FX/Niagara/Content/Icons/Modules/T_Icon_Solver_RotationalSolve.uexp" 818
"../../../Engine/Plugins/FX/Niagara/Content/Icons/Modules/T_Icon_Solver_LimitAccel.uasset" 819
"../../../Engine/Plugins/FX/Niagara/Content/Icons/Modules/T_Icon_Solver_LimitAccel.uexp" 820
"C:/Users/llooc/OneDrive - Deakin University/Project Files/Full_Body_IK_Kaz/Content/VRTemplate/Materials/DefaultRibbonMaterial_NoGradient.uasset" 821
"C:/Users/llooc/OneDrive - Deakin University/Project Files/Full_Body_IK_Kaz/Content/VRTemplate/Materials/DefaultRibbonMaterial_NoGradient.uexp" 822
"C:/Users/llooc/OneDrive - Deakin University/Project Files/Full_Body_IK_Kaz/Content/VRTemplate/VFX/NS_TeleportTrace.uasset" 823
"C:/Users/llooc/OneDrive - Deakin University/Project Files/Full_Body_IK_Kaz/Content/VRTemplate/VFX/NS_TeleportTrace.uexp" 824
"C:/Users/llooc/OneDrive - Deakin University/Project Files/Full_Body_IK_Kaz/Content/VRTemplate/VRHands/Left_Hand/VR_Hand_Left_PhysicsAsset.uasset" 825
"C:/Users/llooc/OneDrive - Deakin University/Project Files/Full_Body_IK_Kaz/Content/VRTemplate/VRHands/Left_Hand/VR_Hand_Left_PhysicsAsset.uexp" 826
"C:/Users/llooc/OneDrive - Deakin University/Project Files/Full_Body_IK_Kaz/Content/VRTemplate/Textures/UE4_Mannequin_MAT_MASKA.ubulk" 827
"C:/Users/llooc/OneDrive - Deakin University/Project Files/Full_Body_IK_Kaz/Content/VRTemplate/Textures/UE4_Mannequin_MAT_MASKA.uasset" 828
"C:/Users/llooc/OneDrive - Deakin University/Project Files/Full_Body_IK_Kaz/Content/VRTemplate/Textures/UE4_Mannequin_MAT_MASKA.uexp" 829
"C:/Users/llooc/OneDrive - Deakin University/Project Files/Full_Body_IK_Kaz/Content/VRTemplate/Textures/UE4_Mannequin__normals.ubulk" 830
"C:/Users/llooc/OneDrive - Deakin University/Project Files/Full_Body_IK_Kaz/Content/VRTemplate/Textures/UE4_Mannequin__normals.uasset" 831
"C:/Users/llooc/OneDrive - Deakin University/Project Files/Full_Body_IK_Kaz/Content/VRTemplate/Textures/UE4_Mannequin__normals.uexp" 832
"C:/Users/llooc/OneDrive - Deakin University/Project Files/Full_Body_IK_Kaz/Content/VRTemplate/Materials/M_VRHand.uasset" 833
"C:/Users/llooc/OneDrive - Deakin University/Project Files/Full_Body_IK_Kaz/Content/VRTemplate/Materials/M_VRHand.uexp" 834
"C:/Users/llooc/OneDrive - Deakin University/Project Files/Full_Body_IK_Kaz/Content/VRTemplate/VRHands/Left_Hand/VR_Hand_Left.uasset" 835
"C:/Users/llooc/OneDrive - Deakin University/Project Files/Full_Body_IK_Kaz/Content/VRTemplate/VRHands/Left_Hand/VR_Hand_Left.uexp" 836
"../../../Engine/Content/VREditor/Devices/Generic/GenericHMDMaterial.uasset" 837
"../../../Engine/Content/VREditor/Devices/Generic/GenericHMDMaterial.uexp" 838
"../../../Engine/Content/VREditor/Devices/Generic/GenericHMD.uasset" 839
"../../../Engine/Content/VREditor/Devices/Generic/GenericHMD.uexp" 840
"C:/Users/llooc/OneDrive - Deakin University/Project Files/Full_Body_IK_Kaz/Content/VRTemplate/VRHands/Right_Hand/VR_Hand_Right_Skeleton.uasset" 841
"C:/Users/llooc/OneDrive - Deakin University/Project Files/Full_Body_IK_Kaz/Content/VRTemplate/VRHands/Right_Hand/VR_Hand_Right_Skeleton.uexp" 842
"C:/Users/llooc/OneDrive - Deakin University/Project Files/Full_Body_IK_Kaz/Content/VRTemplate/VRHands/Right_Hand/VR_Hand_Right_Skeleton_AnimBlueprint.uasset" 843
"C:/Users/llooc/OneDrive - Deakin University/Project Files/Full_Body_IK_Kaz/Content/VRTemplate/VRHands/Right_Hand/VR_Hand_Right_Skeleton_AnimBlueprint.uexp" 844
"../../../Engine/Content/BasicShapes/Sphere.uasset" 845
"../../../Engine/Content/BasicShapes/Sphere.uexp" 846
"C:/Users/llooc/OneDrive - Deakin University/Project Files/Full_Body_IK_Kaz/Content/VRTemplate/VFX/NS_MenuLaser.uasset" 847
"C:/Users/llooc/OneDrive - Deakin University/Project Files/Full_Body_IK_Kaz/Content/VRTemplate/VFX/NS_MenuLaser.uexp" 848
"C:/Users/llooc/OneDrive - Deakin University/Project Files/Full_Body_IK_Kaz/Content/VRTemplate/Blueprints/WidgetMenu.uasset" 849
"C:/Users/llooc/OneDrive - Deakin University/Project Files/Full_Body_IK_Kaz/Content/VRTemplate/Blueprints/WidgetMenu.uexp" 850
"C:/Users/llooc/OneDrive - Deakin University/Project Files/Full_Body_IK_Kaz/Content/VRTemplate/Materials/M_VRCursor.uasset" 851
"C:/Users/llooc/OneDrive - Deakin University/Project Files/Full_Body_IK_Kaz/Content/VRTemplate/Materials/M_VRCursor.uexp" 852
"C:/Users/llooc/OneDrive - Deakin University/Project Files/Full_Body_IK_Kaz/Content/VRTemplate/Blueprints/Menu.uasset" 853
"C:/Users/llooc/OneDrive - Deakin University/Project Files/Full_Body_IK_Kaz/Content/VRTemplate/Blueprints/Menu.uexp" 854
"C:/Users/llooc/OneDrive - Deakin University/Project Files/Full_Body_IK_Kaz/Content/Mannequin/Character/Mesh/UE4_Mannequin_Skeleton.uasset" 855
"C:/Users/llooc/OneDrive - Deakin University/Project Files/Full_Body_IK_Kaz/Content/Mannequin/Character/Mesh/UE4_Mannequin_Skeleton.uexp" 856
"C:/Users/llooc/OneDrive - Deakin University/Project Files/Full_Body_IK_Kaz/Content/Mannequin/Animations/Anim_HandsOpen.uasset" 857
"C:/Users/llooc/OneDrive - Deakin University/Project Files/Full_Body_IK_Kaz/Content/Mannequin/Animations/Anim_HandsOpen.uexp" 858
"C:/Users/llooc/OneDrive - Deakin University/Project Files/Full_Body_IK_Kaz/Content/Mannequin/Animations/ALS_N_Run_RB.uasset" 859
"C:/Users/llooc/OneDrive - Deakin University/Project Files/Full_Body_IK_Kaz/Content/Mannequin/Animations/ALS_N_Run_RB.uexp" 860
"C:/Users/llooc/OneDrive - Deakin University/Project Files/Full_Body_IK_Kaz/Content/Mannequin/Animations/ALS_N_Pose.uasset" 861
"C:/Users/llooc/OneDrive - Deakin University/Project Files/Full_Body_IK_Kaz/Content/Mannequin/Animations/ALS_N_Pose.uexp" 862
"C:/Users/llooc/OneDrive - Deakin University/Project Files/Full_Body_IK_Kaz/Content/Mannequin/Animations/ALS_N_TurnIP_R180.uasset" 863
"C:/Users/llooc/OneDrive - Deakin University/Project Files/Full_Body_IK_Kaz/Content/Mannequin/Animations/ALS_N_TurnIP_R180.uexp" 864
"C:/Users/llooc/OneDrive - Deakin University/Project Files/Full_Body_IK_Kaz/Content/Mannequin/Animations/ALS_N_Run_F.uasset" 865
"C:/Users/llooc/OneDrive - Deakin University/Project Files/Full_Body_IK_Kaz/Content/Mannequin/Animations/ALS_N_Run_F.uexp" 866
"C:/Users/llooc/OneDrive - Deakin University/Project Files/Full_Body_IK_Kaz/Content/Mannequin/Animations/ALS_N_Run_RF.uasset" 867
"C:/Users/llooc/OneDrive - Deakin University/Project Files/Full_Body_IK_Kaz/Content/Mannequin/Animations/ALS_N_Run_RF.uexp" 868
"C:/Users/llooc/OneDrive - Deakin University/Project Files/Full_Body_IK_Kaz/Content/Mannequin/Animations/ALS_N_TurnIP_L90.uasset" 869
"C:/Users/llooc/OneDrive - Deakin University/Project Files/Full_Body_IK_Kaz/Content/Mannequin/Animations/ALS_N_TurnIP_L90.uexp" 870
"C:/Users/llooc/OneDrive - Deakin University/Project Files/Full_Body_IK_Kaz/Content/Mannequin/Animations/ALS_N_Run_B.uasset" 871
"C:/Users/llooc/OneDrive - Deakin University/Project Files/Full_Body_IK_Kaz/Content/Mannequin/Animations/ALS_N_Run_B.uexp" 872
"C:/Users/llooc/OneDrive - Deakin University/Project Files/Full_Body_IK_Kaz/Content/Mannequin/Animations/ALS_N_TurnIP_R90.uasset" 873
"C:/Users/llooc/OneDrive - Deakin University/Project Files/Full_Body_IK_Kaz/Content/Mannequin/Animations/ALS_N_TurnIP_R90.uexp" 874
"C:/Users/llooc/OneDrive - Deakin University/Project Files/Full_Body_IK_Kaz/Content/Mannequin/Animations/ALS_N_Walk_B.uasset" 875
"C:/Users/llooc/OneDrive - Deakin University/Project Files/Full_Body_IK_Kaz/Content/Mannequin/Animations/ALS_N_Walk_B.uexp" 876
"C:/Users/llooc/OneDrive - Deakin University/Project Files/Full_Body_IK_Kaz/Content/Mannequin/Animations/ALS_N_Walk_LF.uasset" 877
"C:/Users/llooc/OneDrive - Deakin University/Project Files/Full_Body_IK_Kaz/Content/Mannequin/Animations/ALS_N_Walk_LF.uexp" 878
"C:/Users/llooc/OneDrive - Deakin University/Project Files/Full_Body_IK_Kaz/Content/Mannequin/Animations/ALS_N_Run_LB.uasset" 879
"C:/Users/llooc/OneDrive - Deakin University/Project Files/Full_Body_IK_Kaz/Content/Mannequin/Animations/ALS_N_Run_LB.uexp" 880
"C:/Users/llooc/OneDrive - Deakin University/Project Files/Full_Body_IK_Kaz/Content/Mannequin/Animations/ALS_N_Walk_RF.uasset" 881
"C:/Users/llooc/OneDrive - Deakin University/Project Files/Full_Body_IK_Kaz/Content/Mannequin/Animations/ALS_N_Walk_RF.uexp" 882
"C:/Users/llooc/OneDrive - Deakin University/Project Files/Full_Body_IK_Kaz/Content/Mannequin/Animations/ALS_N_Walk_LB.uasset" 883
"C:/Users/llooc/OneDrive - Deakin University/Project Files/Full_Body_IK_Kaz/Content/Mannequin/Animations/ALS_N_Walk_LB.uexp" 884
"C:/Users/llooc/OneDrive - Deakin University/Project Files/Full_Body_IK_Kaz/Content/Mannequin/Animations/ALS_N_TurnIP_L180.uasset" 885
"C:/Users/llooc/OneDrive - Deakin University/Project Files/Full_Body_IK_Kaz/Content/Mannequin/Animations/ALS_N_TurnIP_L180.uexp" 886
"C:/Users/llooc/OneDrive - Deakin University/Project Files/Full_Body_IK_Kaz/Content/Mannequin/Animations/ALS_N_Run_LF.uasset" 887
"C:/Users/llooc/OneDrive - Deakin University/Project Files/Full_Body_IK_Kaz/Content/Mannequin/Animations/ALS_N_Run_LF.uexp" 888
"C:/Users/llooc/OneDrive - Deakin University/Project Files/Full_Body_IK_Kaz/Content/Mannequin/Animations/ALS_N_Walk_RB.uasset" 889
"C:/Users/llooc/OneDrive - Deakin University/Project Files/Full_Body_IK_Kaz/Content/Mannequin/Animations/ALS_N_Walk_RB.uexp" 890
"C:/Users/llooc/OneDrive - Deakin University/Project Files/Full_Body_IK_Kaz/Content/Mannequin/Animations/ALS_N_Walk_F.uasset" 891
"C:/Users/llooc/OneDrive - Deakin University/Project Files/Full_Body_IK_Kaz/Content/Mannequin/Animations/ALS_N_Walk_F.uexp" 892
"C:/Users/llooc/OneDrive - Deakin University/Project Files/Full_Body_IK_Kaz/Content/Mannequin/Animations/BS_VRPlayerWalk.uasset" 893
"C:/Users/llooc/OneDrive - Deakin University/Project Files/Full_Body_IK_Kaz/Content/Mannequin/Animations/BS_VRPlayerWalk.uexp" 894
"C:/Users/llooc/OneDrive - Deakin University/Project Files/Full_Body_IK_Kaz/Content/Mannequin/Animations/ABP_VRPlayer.uasset" 895
"C:/Users/llooc/OneDrive - Deakin University/Project Files/Full_Body_IK_Kaz/Content/Mannequin/Animations/ABP_VRPlayer.uexp" 896
"C:/Users/llooc/OneDrive - Deakin University/Project Files/Full_Body_IK_Kaz/Content/Mannequin/Character/Textures/UE4Man_Logo_N.ubulk" 897
"C:/Users/llooc/OneDrive - Deakin University/Project Files/Full_Body_IK_Kaz/Content/Mannequin/Character/Textures/UE4Man_Logo_N.uasset" 898
"C:/Users/llooc/OneDrive - Deakin University/Project Files/Full_Body_IK_Kaz/Content/Mannequin/Character/Textures/UE4Man_Logo_N.uexp" 899
"C:/Users/llooc/OneDrive - Deakin University/Project Files/Full_Body_IK_Kaz/Content/Mannequin/Character/Materials/M_UE4Man_ChestLogo.uasset" 900
"C:/Users/llooc/OneDrive - Deakin University/Project Files/Full_Body_IK_Kaz/Content/Mannequin/Character/Materials/M_UE4Man_ChestLogo.uexp" 901
"C:/Users/llooc/OneDrive - Deakin University/Project Files/Full_Body_IK_Kaz/Content/Mannequin/Character/Mesh/SK_Mannequin_PhysicsAsset.uasset" 902
"C:/Users/llooc/OneDrive - Deakin University/Project Files/Full_Body_IK_Kaz/Content/Mannequin/Character/Mesh/SK_Mannequin_PhysicsAsset.uexp" 903
"C:/Users/llooc/OneDrive - Deakin University/Project Files/Full_Body_IK_Kaz/Content/Mannequin/Character/Mesh/SK_Mannequin.uasset" 904
"C:/Users/llooc/OneDrive - Deakin University/Project Files/Full_Body_IK_Kaz/Content/Mannequin/Character/Mesh/SK_Mannequin.uexp" 905
"C:/Users/llooc/OneDrive - Deakin University/Project Files/Full_Body_IK_Kaz/Content/VRTemplate/VRHands/Right_Hand/VR_Hand_Right_PhysicsAsset.uasset" 906
"C:/Users/llooc/OneDrive - Deakin University/Project Files/Full_Body_IK_Kaz/Content/VRTemplate/VRHands/Right_Hand/VR_Hand_Right_PhysicsAsset.uexp" 907
"C:/Users/llooc/OneDrive - Deakin University/Project Files/Full_Body_IK_Kaz/Content/VRTemplate/VRHands/Right_Hand/VR_Hand_Right.uasset" 908
"C:/Users/llooc/OneDrive - Deakin University/Project Files/Full_Body_IK_Kaz/Content/VRTemplate/VRHands/Right_Hand/VR_Hand_Right.uexp" 909
"C:/Users/llooc/OneDrive - Deakin University/Project Files/Full_Body_IK_Kaz/Content/VRTemplate/Blueprints/VRPawn.uasset" 910
"C:/Users/llooc/OneDrive - Deakin University/Project Files/Full_Body_IK_Kaz/Content/VRTemplate/Blueprints/VRPawn.uexp" 911
"C:/Users/llooc/OneDrive - Deakin University/Project Files/Full_Body_IK_Kaz/Content/VRTemplate/Blueprints/VRGameMode.uasset" 912
"C:/Users/llooc/OneDrive - Deakin University/Project Files/Full_Body_IK_Kaz/Content/VRTemplate/Blueprints/VRGameMode.uexp" 913
"../../../Engine/Content/VREditor/BasicMeshes/MI_Ball_01.uasset" 914
"../../../Engine/Content/VREditor/BasicMeshes/MI_Ball_01.uexp" 915
"../../../Engine/Content/VREditor/BasicMeshes/SM_Ball_01.uasset" 916
"../../../Engine/Content/VREditor/BasicMeshes/SM_Ball_01.uexp" 917
"C:/Users/llooc/OneDrive - Deakin University/Project Files/Full_Body_IK_Kaz/Content/FPWeapon/Mesh/SK_FPGun_Skeleton.uasset" 918
"C:/Users/llooc/OneDrive - Deakin University/Project Files/Full_Body_IK_Kaz/Content/FPWeapon/Mesh/SK_FPGun_Skeleton.uexp" 919
"C:/Users/llooc/OneDrive - Deakin University/Project Files/Full_Body_IK_Kaz/Content/FPWeapon/Materials/MaterialLayers/T_ML_Rubber_Blue_01_D.ubulk" 920
"C:/Users/llooc/OneDrive - Deakin University/Project Files/Full_Body_IK_Kaz/Content/FPWeapon/Materials/MaterialLayers/T_ML_Rubber_Blue_01_D.uasset" 921
"C:/Users/llooc/OneDrive - Deakin University/Project Files/Full_Body_IK_Kaz/Content/FPWeapon/Materials/MaterialLayers/T_ML_Rubber_Blue_01_D.uexp" 922
"C:/Users/llooc/OneDrive - Deakin University/Project Files/Full_Body_IK_Kaz/Content/FPWeapon/Textures/T_FPGun_N.ubulk" 923
"C:/Users/llooc/OneDrive - Deakin University/Project Files/Full_Body_IK_Kaz/Content/FPWeapon/Textures/T_FPGun_N.uasset" 924
"C:/Users/llooc/OneDrive - Deakin University/Project Files/Full_Body_IK_Kaz/Content/FPWeapon/Textures/T_FPGun_N.uexp" 925
"C:/Users/llooc/OneDrive - Deakin University/Project Files/Full_Body_IK_Kaz/Content/FPWeapon/Materials/MaterialLayers/T_ML_Rubber_Blue_01_N.ubulk" 926
"C:/Users/llooc/OneDrive - Deakin University/Project Files/Full_Body_IK_Kaz/Content/FPWeapon/Materials/MaterialLayers/T_ML_Rubber_Blue_01_N.uasset" 927
"C:/Users/llooc/OneDrive - Deakin University/Project Files/Full_Body_IK_Kaz/Content/FPWeapon/Materials/MaterialLayers/T_ML_Rubber_Blue_01_N.uexp" 928
"C:/Users/llooc/OneDrive - Deakin University/Project Files/Full_Body_IK_Kaz/Content/FPWeapon/Materials/MaterialLayers/ML_Screen.uasset" 929
"C:/Users/llooc/OneDrive - Deakin University/Project Files/Full_Body_IK_Kaz/Content/FPWeapon/Materials/MaterialLayers/ML_Screen.uexp" 930
"C:/Users/llooc/OneDrive - Deakin University/Project Files/Full_Body_IK_Kaz/Content/FPWeapon/Materials/MaterialLayers/T_ML_Aluminum01_N.ubulk" 931
"C:/Users/llooc/OneDrive - Deakin University/Project Files/Full_Body_IK_Kaz/Content/FPWeapon/Materials/MaterialLayers/T_ML_Aluminum01_N.uasset" 932
"C:/Users/llooc/OneDrive - Deakin University/Project Files/Full_Body_IK_Kaz/Content/FPWeapon/Materials/MaterialLayers/T_ML_Aluminum01_N.uexp" 933
"C:/Users/llooc/OneDrive - Deakin University/Project Files/Full_Body_IK_Kaz/Content/FPWeapon/Materials/MaterialLayers/T_ML_Aluminum01.ubulk" 934
"C:/Users/llooc/OneDrive - Deakin University/Project Files/Full_Body_IK_Kaz/Content/FPWeapon/Materials/MaterialLayers/T_ML_Aluminum01.uasset" 935
"C:/Users/llooc/OneDrive - Deakin University/Project Files/Full_Body_IK_Kaz/Content/FPWeapon/Materials/MaterialLayers/T_ML_Aluminum01.uexp" 936
"C:/Users/llooc/OneDrive - Deakin University/Project Files/Full_Body_IK_Kaz/Content/FPWeapon/Materials/MaterialLayers/ML_SoftMetal_UE4.uasset" 937
"C:/Users/llooc/OneDrive - Deakin University/Project Files/Full_Body_IK_Kaz/Content/FPWeapon/Materials/MaterialLayers/ML_SoftMetal_UE4.uexp" 938
"C:/Users/llooc/OneDrive - Deakin University/Project Files/Full_Body_IK_Kaz/Content/FPWeapon/Textures/T_FPGun_M.ubulk" 939
"C:/Users/llooc/OneDrive - Deakin University/Project Files/Full_Body_IK_Kaz/Content/FPWeapon/Textures/T_FPGun_M.uasset" 940
"C:/Users/llooc/OneDrive - Deakin University/Project Files/Full_Body_IK_Kaz/Content/FPWeapon/Textures/T_FPGun_M.uexp" 941
"C:/Users/llooc/OneDrive - Deakin University/Project Files/Full_Body_IK_Kaz/Content/FPWeapon/Materials/MaterialLayers/ML_Plastic_Shiny_Beige.uasset" 942
"C:/Users/llooc/OneDrive - Deakin University/Project Files/Full_Body_IK_Kaz/Content/FPWeapon/Materials/MaterialLayers/ML_Plastic_Shiny_Beige.uexp" 943
"C:/Users/llooc/OneDrive - Deakin University/Project Files/Full_Body_IK_Kaz/Content/FPWeapon/Materials/MaterialLayers/ML_GlossyBlack_Latex_UE4.uasset" 944
"C:/Users/llooc/OneDrive - Deakin University/Project Files/Full_Body_IK_Kaz/Content/FPWeapon/Materials/MaterialLayers/ML_GlossyBlack_Latex_UE4.uexp" 945
"C:/Users/llooc/OneDrive - Deakin University/Project Files/Full_Body_IK_Kaz/Content/FPWeapon/Materials/M_FPGun.uasset" 946
"C:/Users/llooc/OneDrive - Deakin University/Project Files/Full_Body_IK_Kaz/Content/FPWeapon/Materials/M_FPGun.uexp" 947
"C:/Users/llooc/OneDrive - Deakin University/Project Files/Full_Body_IK_Kaz/Content/FPWeapon/Mesh/SK_FPGun_Physics.uasset" 948
"C:/Users/llooc/OneDrive - Deakin University/Project Files/Full_Body_IK_Kaz/Content/FPWeapon/Mesh/SK_FPGun_Physics.uexp" 949
"C:/Users/llooc/OneDrive - Deakin University/Project Files/Full_Body_IK_Kaz/Content/FPWeapon/Mesh/SK_FPGun.uasset" 950
"C:/Users/llooc/OneDrive - Deakin University/Project Files/Full_Body_IK_Kaz/Content/FPWeapon/Mesh/SK_FPGun.uexp" 951
"C:/Users/llooc/OneDrive - Deakin University/Project Files/Full_Body_IK_Kaz/Content/VRTemplate/Haptics/PistolFireHapticEffect.uasset" 952
"C:/Users/llooc/OneDrive - Deakin University/Project Files/Full_Body_IK_Kaz/Content/VRTemplate/Haptics/PistolFireHapticEffect.uexp" 953
"C:/Users/llooc/OneDrive - Deakin University/Project Files/Full_Body_IK_Kaz/Content/VRTemplate/Materials/M_Projectile.uasset" 954
"C:/Users/llooc/OneDrive - Deakin University/Project Files/Full_Body_IK_Kaz/Content/VRTemplate/Materials/M_Projectile.uexp" 955
"C:/Users/llooc/OneDrive - Deakin University/Project Files/Full_Body_IK_Kaz/Content/VRTemplate/Materials/MI_Projectile.uasset" 956
"C:/Users/llooc/OneDrive - Deakin University/Project Files/Full_Body_IK_Kaz/Content/VRTemplate/Materials/MI_Projectile.uexp" 957
"C:/Users/llooc/OneDrive - Deakin University/Project Files/Full_Body_IK_Kaz/Content/VRTemplate/Blueprints/Projectile.uasset" 958
"C:/Users/llooc/OneDrive - Deakin University/Project Files/Full_Body_IK_Kaz/Content/VRTemplate/Blueprints/Projectile.uexp" 959
"C:/Users/llooc/OneDrive - Deakin University/Project Files/Full_Body_IK_Kaz/Content/VRTemplate/Blueprints/Pistol.uasset" 960
"C:/Users/llooc/OneDrive - Deakin University/Project Files/Full_Body_IK_Kaz/Content/VRTemplate/Blueprints/Pistol.uexp" 961
"C:/Users/llooc/OneDrive - Deakin University/Project Files/Full_Body_IK_Kaz/Content/VRTemplate/Maps/VRTemplateMap_BuiltData.ubulk" 962
"C:/Users/llooc/OneDrive - Deakin University/Project Files/Full_Body_IK_Kaz/Content/VRTemplate/Maps/VRTemplateMap_BuiltData.uasset" 963
"C:/Users/llooc/OneDrive - Deakin University/Project Files/Full_Body_IK_Kaz/Content/VRTemplate/Maps/VRTemplateMap_BuiltData.uexp" 964
"C:/Users/llooc/OneDrive - Deakin University/Project Files/Full_Body_IK_Kaz/Content/VRTemplate/Maps/VRTemplateMap.uexp" 965
"C:/Users/llooc/OneDrive - Deakin University/Project Files/Full_Body_IK_Kaz/Content/VRTemplate/Maps/VRTemplateMap.umap" 966
